<?xml version="1.0" encoding="UTF-8"?>
<!-- Generated by org.testng.reporters.JUnitReportReporter -->
<testsuite hostname="Rakesh" failures="1" tests="3" name="com.saucedemo.tests.endtoend.TestAddtToCartAndOrderCreation" time="5.544" errors="1" timestamp="2023-09-14T18:29:31 IST" skipped="1">
  <testcase classname="com.saucedemo.tests.endtoend.TestAddtToCartAndOrderCreation" name="OrderCreationTest1" time="5.324">
    <failure message="expected [true] but found [false]" type="java.lang.AssertionError">
      <![CDATA[java.lang.AssertionError: expected [true] but found [false]
at org.testng.Assert.fail(Assert.java:99)
at org.testng.Assert.failNotEquals(Assert.java:1037)
at org.testng.Assert.assertTrue(Assert.java:45)
at org.testng.Assert.assertTrue(Assert.java:55)
at com.saucedemo.tests.endtoend.TestAddtToCartAndOrderCreation.OrderCreationTest1(TestAddtToCartAndOrderCreation.java:90)
at java.base/jdk.internal.reflect.NativeMethodAccessorImpl.invoke0(Native Method)
at java.base/jdk.internal.reflect.NativeMethodAccessorImpl.invoke(NativeMethodAccessorImpl.java:77)
at java.base/jdk.internal.reflect.DelegatingMethodAccessorImpl.invoke(DelegatingMethodAccessorImpl.java:43)
at java.base/java.lang.reflect.Method.invoke(Method.java:568)
at org.testng.internal.MethodInvocationHelper.invokeMethod(MethodInvocationHelper.java:133)
at org.testng.internal.TestInvoker.invokeMethod(TestInvoker.java:598)
at org.testng.internal.TestInvoker.invokeTestMethod(TestInvoker.java:173)
at org.testng.internal.MethodRunner.runInSequence(MethodRunner.java:46)
at org.testng.internal.TestInvoker$MethodInvocationAgent.invoke(TestInvoker.java:824)
at org.testng.internal.TestInvoker.invokeTestMethods(TestInvoker.java:146)
at org.testng.internal.TestMethodWorker.invokeTestMethods(TestMethodWorker.java:146)
at org.testng.internal.TestMethodWorker.run(TestMethodWorker.java:128)
at java.base/java.util.ArrayList.forEach(ArrayList.java:1511)
at org.testng.TestRunner.privateRun(TestRunner.java:794)
at org.testng.TestRunner.run(TestRunner.java:596)
at org.testng.SuiteRunner.runTest(SuiteRunner.java:377)
at org.testng.SuiteRunner.runSequentially(SuiteRunner.java:371)
at org.testng.SuiteRunner.privateRun(SuiteRunner.java:332)
at org.testng.SuiteRunner.run(SuiteRunner.java:276)
at org.testng.SuiteRunnerWorker.runSuite(SuiteRunnerWorker.java:53)
at org.testng.SuiteRunnerWorker.run(SuiteRunnerWorker.java:96)
at org.testng.TestNG.runSuitesSequentially(TestNG.java:1212)
at org.testng.TestNG.runSuitesLocally(TestNG.java:1134)
at org.testng.TestNG.runSuites(TestNG.java:1063)
at org.testng.TestNG.run(TestNG.java:1031)
at org.testng.remote.AbstractRemoteTestNG.run(AbstractRemoteTestNG.java:115)
at org.testng.remote.RemoteTestNG.initAndRun(RemoteTestNG.java:251)
at org.testng.remote.RemoteTestNG.main(RemoteTestNG.java:77)
]]>
    </failure>
  </testcase> <!-- OrderCreationTest1 -->
  <system-out>
    <![CDATA[Login to the Application
User navigates to home page and verifies Product name, description and Price
User navigates to product details page by clicking on Product link and verifies Product name, description and Price
User clicks on Add to cart button and verifies the product quantity
User navigates to Shopping cart page by clicking on shopping cart link and verifies Product name, description, Price and quantity 
User navigates to Checkout Informaion page by clicking on Checkout button
User enters customer details like firstname, Lastname and Zipcode in Checkout Information page and clicks on continue button
User navigates to Checkout overview page and verifies Product name, description, Price and quantity
User navaigates to Checkout complete page and verifies complete image, Thank you message and Order dispatch message 
User navigates to Home page by clicking on Back to home button and verifies the current url]]>
  </system-out>
  <testcase classname="com.saucedemo.tests.endtoend.TestAddtToCartAndOrderCreation" name="tearDown" time="0.220">
    <error type="java.lang.StackOverflowError">
      <![CDATA[java.lang.StackOverflowError
at com.saucedemo.utils.ExtentUtils.endReport(ExtentUtils.java:31)
at com.saucedemo.utils.ExtentUtils.endReport(ExtentUtils.java:31)
at com.saucedemo.utils.ExtentUtils.endReport(ExtentUtils.java:31)
at com.saucedemo.utils.ExtentUtils.endReport(ExtentUtils.java:31)
at com.saucedemo.utils.ExtentUtils.endReport(ExtentUtils.java:31)
at com.saucedemo.utils.ExtentUtils.endReport(ExtentUtils.java:31)
at com.saucedemo.utils.ExtentUtils.endReport(ExtentUtils.java:31)
at com.saucedemo.utils.ExtentUtils.endReport(ExtentUtils.java:31)
at com.saucedemo.utils.ExtentUtils.endReport(ExtentUtils.java:31)
at com.saucedemo.utils.ExtentUtils.endReport(ExtentUtils.java:31)
at com.saucedemo.utils.ExtentUtils.endReport(ExtentUtils.java:31)
at com.saucedemo.utils.ExtentUtils.endReport(ExtentUtils.java:31)
at com.saucedemo.utils.ExtentUtils.endReport(ExtentUtils.java:31)
at com.saucedemo.utils.ExtentUtils.endReport(ExtentUtils.java:31)
at com.saucedemo.utils.ExtentUtils.endReport(ExtentUtils.java:31)
at com.saucedemo.utils.ExtentUtils.endReport(ExtentUtils.java:31)
at com.saucedemo.utils.ExtentUtils.endReport(ExtentUtils.java:31)
at com.saucedemo.utils.ExtentUtils.endReport(ExtentUtils.java:31)
at com.saucedemo.utils.ExtentUtils.endReport(ExtentUtils.java:31)
at com.saucedemo.utils.ExtentUtils.endReport(ExtentUtils.java:31)
at com.saucedemo.utils.ExtentUtils.endReport(ExtentUtils.java:31)
at com.saucedemo.utils.ExtentUtils.endReport(ExtentUtils.java:31)
at com.saucedemo.utils.ExtentUtils.endReport(ExtentUtils.java:31)
at com.saucedemo.utils.ExtentUtils.endReport(ExtentUtils.java:31)
at com.saucedemo.utils.ExtentUtils.endReport(ExtentUtils.java:31)
at com.saucedemo.utils.ExtentUtils.endReport(ExtentUtils.java:31)
at com.saucedemo.utils.ExtentUtils.endReport(ExtentUtils.java:31)
at com.saucedemo.utils.ExtentUtils.endReport(ExtentUtils.java:31)
at com.saucedemo.utils.ExtentUtils.endReport(ExtentUtils.java:31)
at com.saucedemo.utils.ExtentUtils.endReport(ExtentUtils.java:31)
at com.saucedemo.utils.ExtentUtils.endReport(ExtentUtils.java:31)
at com.saucedemo.utils.ExtentUtils.endReport(ExtentUtils.java:31)
at com.saucedemo.utils.ExtentUtils.endReport(ExtentUtils.java:31)
at com.saucedemo.utils.ExtentUtils.endReport(ExtentUtils.java:31)
at com.saucedemo.utils.ExtentUtils.endReport(ExtentUtils.java:31)
at com.saucedemo.utils.ExtentUtils.endReport(ExtentUtils.java:31)
at com.saucedemo.utils.ExtentUtils.endReport(ExtentUtils.java:31)
at com.saucedemo.utils.ExtentUtils.endReport(ExtentUtils.java:31)
at com.saucedemo.utils.ExtentUtils.endReport(ExtentUtils.java:31)
at com.saucedemo.utils.ExtentUtils.endReport(ExtentUtils.java:31)
at com.saucedemo.utils.ExtentUtils.endReport(ExtentUtils.java:31)
at com.saucedemo.utils.ExtentUtils.endReport(ExtentUtils.java:31)
at com.saucedemo.utils.ExtentUtils.endReport(ExtentUtils.java:31)
at com.saucedemo.utils.ExtentUtils.endReport(ExtentUtils.java:31)
at com.saucedemo.utils.ExtentUtils.endReport(ExtentUtils.java:31)
at com.saucedemo.utils.ExtentUtils.endReport(ExtentUtils.java:31)
at com.saucedemo.utils.ExtentUtils.endReport(ExtentUtils.java:31)
at com.saucedemo.utils.ExtentUtils.endReport(ExtentUtils.java:31)
at com.saucedemo.utils.ExtentUtils.endReport(ExtentUtils.java:31)
at com.saucedemo.utils.ExtentUtils.endReport(ExtentUtils.java:31)
at com.saucedemo.utils.ExtentUtils.endReport(ExtentUtils.java:31)
at com.saucedemo.utils.ExtentUtils.endReport(ExtentUtils.java:31)
at com.saucedemo.utils.ExtentUtils.endReport(ExtentUtils.java:31)
at com.saucedemo.utils.ExtentUtils.endReport(ExtentUtils.java:31)
at com.saucedemo.utils.ExtentUtils.endReport(ExtentUtils.java:31)
at com.saucedemo.utils.ExtentUtils.endReport(ExtentUtils.java:31)
at com.saucedemo.utils.ExtentUtils.endReport(ExtentUtils.java:31)
at com.saucedemo.utils.ExtentUtils.endReport(ExtentUtils.java:31)
at com.saucedemo.utils.ExtentUtils.endReport(ExtentUtils.java:31)
at com.saucedemo.utils.ExtentUtils.endReport(ExtentUtils.java:31)
at com.saucedemo.utils.ExtentUtils.endReport(ExtentUtils.java:31)
at com.saucedemo.utils.ExtentUtils.endReport(ExtentUtils.java:31)
at com.saucedemo.utils.ExtentUtils.endReport(ExtentUtils.java:31)
at com.saucedemo.utils.ExtentUtils.endReport(ExtentUtils.java:31)
at com.saucedemo.utils.ExtentUtils.endReport(ExtentUtils.java:31)
at com.saucedemo.utils.ExtentUtils.endReport(ExtentUtils.java:31)
at com.saucedemo.utils.ExtentUtils.endReport(ExtentUtils.java:31)
at com.saucedemo.utils.ExtentUtils.endReport(ExtentUtils.java:31)
at com.saucedemo.utils.ExtentUtils.endReport(ExtentUtils.java:31)
at com.saucedemo.utils.ExtentUtils.endReport(ExtentUtils.java:31)
at com.saucedemo.utils.ExtentUtils.endReport(ExtentUtils.java:31)
at com.saucedemo.utils.ExtentUtils.endReport(ExtentUtils.java:31)
at com.saucedemo.utils.ExtentUtils.endReport(ExtentUtils.java:31)
at com.saucedemo.utils.ExtentUtils.endReport(ExtentUtils.java:31)
at com.saucedemo.utils.ExtentUtils.endReport(ExtentUtils.java:31)
at com.saucedemo.utils.ExtentUtils.endReport(ExtentUtils.java:31)
at com.saucedemo.utils.ExtentUtils.endReport(ExtentUtils.java:31)
at com.saucedemo.utils.ExtentUtils.endReport(ExtentUtils.java:31)
at com.saucedemo.utils.ExtentUtils.endReport(ExtentUtils.java:31)
at com.saucedemo.utils.ExtentUtils.endReport(ExtentUtils.java:31)
at com.saucedemo.utils.ExtentUtils.endReport(ExtentUtils.java:31)
at com.saucedemo.utils.ExtentUtils.endReport(ExtentUtils.java:31)
at com.saucedemo.utils.ExtentUtils.endReport(ExtentUtils.java:31)
at com.saucedemo.utils.ExtentUtils.endReport(ExtentUtils.java:31)
at com.saucedemo.utils.ExtentUtils.endReport(ExtentUtils.java:31)
at com.saucedemo.utils.ExtentUtils.endReport(ExtentUtils.java:31)
at com.saucedemo.utils.ExtentUtils.endReport(ExtentUtils.java:31)
at com.saucedemo.utils.ExtentUtils.endReport(ExtentUtils.java:31)
at com.saucedemo.utils.ExtentUtils.endReport(ExtentUtils.java:31)
at com.saucedemo.utils.ExtentUtils.endReport(ExtentUtils.java:31)
at com.saucedemo.utils.ExtentUtils.endReport(ExtentUtils.java:31)
at com.saucedemo.utils.ExtentUtils.endReport(ExtentUtils.java:31)
at com.saucedemo.utils.ExtentUtils.endReport(ExtentUtils.java:31)
at com.saucedemo.utils.ExtentUtils.endReport(ExtentUtils.java:31)
at com.saucedemo.utils.ExtentUtils.endReport(ExtentUtils.java:31)
at com.saucedemo.utils.ExtentUtils.endReport(ExtentUtils.java:31)
at com.saucedemo.utils.ExtentUtils.endReport(ExtentUtils.java:31)
at com.saucedemo.utils.ExtentUtils.endReport(ExtentUtils.java:31)
at com.saucedemo.utils.ExtentUtils.endReport(ExtentUtils.java:31)
at com.saucedemo.utils.ExtentUtils.endReport(ExtentUtils.java:31)
at com.saucedemo.utils.ExtentUtils.endReport(ExtentUtils.java:31)
at com.saucedemo.utils.ExtentUtils.endReport(ExtentUtils.java:31)
at com.saucedemo.utils.ExtentUtils.endReport(ExtentUtils.java:31)
at com.saucedemo.utils.ExtentUtils.endReport(ExtentUtils.java:31)
at com.saucedemo.utils.ExtentUtils.endReport(ExtentUtils.java:31)
at com.saucedemo.utils.ExtentUtils.endReport(ExtentUtils.java:31)
at com.saucedemo.utils.ExtentUtils.endReport(ExtentUtils.java:31)
at com.saucedemo.utils.ExtentUtils.endReport(ExtentUtils.java:31)
at com.saucedemo.utils.ExtentUtils.endReport(ExtentUtils.java:31)
at com.saucedemo.utils.ExtentUtils.endReport(ExtentUtils.java:31)
at com.saucedemo.utils.ExtentUtils.endReport(ExtentUtils.java:31)
at com.saucedemo.utils.ExtentUtils.endReport(ExtentUtils.java:31)
at com.saucedemo.utils.ExtentUtils.endReport(ExtentUtils.java:31)
at com.saucedemo.utils.ExtentUtils.endReport(ExtentUtils.java:31)
at com.saucedemo.utils.ExtentUtils.endReport(ExtentUtils.java:31)
at com.saucedemo.utils.ExtentUtils.endReport(ExtentUtils.java:31)
at com.saucedemo.utils.ExtentUtils.endReport(ExtentUtils.java:31)
at com.saucedemo.utils.ExtentUtils.endReport(ExtentUtils.java:31)
at com.saucedemo.utils.ExtentUtils.endReport(ExtentUtils.java:31)
at com.saucedemo.utils.ExtentUtils.endReport(ExtentUtils.java:31)
at com.saucedemo.utils.ExtentUtils.endReport(ExtentUtils.java:31)
at com.saucedemo.utils.ExtentUtils.endReport(ExtentUtils.java:31)
at com.saucedemo.utils.ExtentUtils.endReport(ExtentUtils.java:31)
at com.saucedemo.utils.ExtentUtils.endReport(ExtentUtils.java:31)
at com.saucedemo.utils.ExtentUtils.endReport(ExtentUtils.java:31)
at com.saucedemo.utils.ExtentUtils.endReport(ExtentUtils.java:31)
at com.saucedemo.utils.ExtentUtils.endReport(ExtentUtils.java:31)
at com.saucedemo.utils.ExtentUtils.endReport(ExtentUtils.java:31)
at com.saucedemo.utils.ExtentUtils.endReport(ExtentUtils.java:31)
at com.saucedemo.utils.ExtentUtils.endReport(ExtentUtils.java:31)
at com.saucedemo.utils.ExtentUtils.endReport(ExtentUtils.java:31)
at com.saucedemo.utils.ExtentUtils.endReport(ExtentUtils.java:31)
at com.saucedemo.utils.ExtentUtils.endReport(ExtentUtils.java:31)
at com.saucedemo.utils.ExtentUtils.endReport(ExtentUtils.java:31)
at com.saucedemo.utils.ExtentUtils.endReport(ExtentUtils.java:31)
at com.saucedemo.utils.ExtentUtils.endReport(ExtentUtils.java:31)
at com.saucedemo.utils.ExtentUtils.endReport(ExtentUtils.java:31)
at com.saucedemo.utils.ExtentUtils.endReport(ExtentUtils.java:31)
at com.saucedemo.utils.ExtentUtils.endReport(ExtentUtils.java:31)
at com.saucedemo.utils.ExtentUtils.endReport(ExtentUtils.java:31)
at com.saucedemo.utils.ExtentUtils.endReport(ExtentUtils.java:31)
at com.saucedemo.utils.ExtentUtils.endReport(ExtentUtils.java:31)
at com.saucedemo.utils.ExtentUtils.endReport(ExtentUtils.java:31)
at com.saucedemo.utils.ExtentUtils.endReport(ExtentUtils.java:31)
at com.saucedemo.utils.ExtentUtils.endReport(ExtentUtils.java:31)
at com.saucedemo.utils.ExtentUtils.endReport(ExtentUtils.java:31)
at com.saucedemo.utils.ExtentUtils.endReport(ExtentUtils.java:31)
at com.saucedemo.utils.ExtentUtils.endReport(ExtentUtils.java:31)
at com.saucedemo.utils.ExtentUtils.endReport(ExtentUtils.java:31)
at com.saucedemo.utils.ExtentUtils.endReport(ExtentUtils.java:31)
at com.saucedemo.utils.ExtentUtils.endReport(ExtentUtils.java:31)
at com.saucedemo.utils.ExtentUtils.endReport(ExtentUtils.java:31)
at com.saucedemo.utils.ExtentUtils.endReport(ExtentUtils.java:31)
at com.saucedemo.utils.ExtentUtils.endReport(ExtentUtils.java:31)
at com.saucedemo.utils.ExtentUtils.endReport(ExtentUtils.java:31)
at com.saucedemo.utils.ExtentUtils.endReport(ExtentUtils.java:31)
at com.saucedemo.utils.ExtentUtils.endReport(ExtentUtils.java:31)
at com.saucedemo.utils.ExtentUtils.endReport(ExtentUtils.java:31)
at com.saucedemo.utils.ExtentUtils.endReport(ExtentUtils.java:31)
at com.saucedemo.utils.ExtentUtils.endReport(ExtentUtils.java:31)
at com.saucedemo.utils.ExtentUtils.endReport(ExtentUtils.java:31)
at com.saucedemo.utils.ExtentUtils.endReport(ExtentUtils.java:31)
at com.saucedemo.utils.ExtentUtils.endReport(ExtentUtils.java:31)
at com.saucedemo.utils.ExtentUtils.endReport(ExtentUtils.java:31)
at com.saucedemo.utils.ExtentUtils.endReport(ExtentUtils.java:31)
at com.saucedemo.utils.ExtentUtils.endReport(ExtentUtils.java:31)
at com.saucedemo.utils.ExtentUtils.endReport(ExtentUtils.java:31)
at com.saucedemo.utils.ExtentUtils.endReport(ExtentUtils.java:31)
at com.saucedemo.utils.ExtentUtils.endReport(ExtentUtils.java:31)
at com.saucedemo.utils.ExtentUtils.endReport(ExtentUtils.java:31)
at com.saucedemo.utils.ExtentUtils.endReport(ExtentUtils.java:31)
at com.saucedemo.utils.ExtentUtils.endReport(ExtentUtils.java:31)
at com.saucedemo.utils.ExtentUtils.endReport(ExtentUtils.java:31)
at com.saucedemo.utils.ExtentUtils.endReport(ExtentUtils.java:31)
at com.saucedemo.utils.ExtentUtils.endReport(ExtentUtils.java:31)
at com.saucedemo.utils.ExtentUtils.endReport(ExtentUtils.java:31)
at com.saucedemo.utils.ExtentUtils.endReport(ExtentUtils.java:31)
at com.saucedemo.utils.ExtentUtils.endReport(ExtentUtils.java:31)
at com.saucedemo.utils.ExtentUtils.endReport(ExtentUtils.java:31)
at com.saucedemo.utils.ExtentUtils.endReport(ExtentUtils.java:31)
at com.saucedemo.utils.ExtentUtils.endReport(ExtentUtils.java:31)
at com.saucedemo.utils.ExtentUtils.endReport(ExtentUtils.java:31)
at com.saucedemo.utils.ExtentUtils.endReport(ExtentUtils.java:31)
at com.saucedemo.utils.ExtentUtils.endReport(ExtentUtils.java:31)
at com.saucedemo.utils.ExtentUtils.endReport(ExtentUtils.java:31)
at com.saucedemo.utils.ExtentUtils.endReport(ExtentUtils.java:31)
at com.saucedemo.utils.ExtentUtils.endReport(ExtentUtils.java:31)
at com.saucedemo.utils.ExtentUtils.endReport(ExtentUtils.java:31)
at com.saucedemo.utils.ExtentUtils.endReport(ExtentUtils.java:31)
at com.saucedemo.utils.ExtentUtils.endReport(ExtentUtils.java:31)
at com.saucedemo.utils.ExtentUtils.endReport(ExtentUtils.java:31)
at com.saucedemo.utils.ExtentUtils.endReport(ExtentUtils.java:31)
at com.saucedemo.utils.ExtentUtils.endReport(ExtentUtils.java:31)
at com.saucedemo.utils.ExtentUtils.endReport(ExtentUtils.java:31)
at com.saucedemo.utils.ExtentUtils.endReport(ExtentUtils.java:31)
at com.saucedemo.utils.ExtentUtils.endReport(ExtentUtils.java:31)
at com.saucedemo.utils.ExtentUtils.endReport(ExtentUtils.java:31)
at com.saucedemo.utils.ExtentUtils.endReport(ExtentUtils.java:31)
at com.saucedemo.utils.ExtentUtils.endReport(ExtentUtils.java:31)
at com.saucedemo.utils.ExtentUtils.endReport(ExtentUtils.java:31)
at com.saucedemo.utils.ExtentUtils.endReport(ExtentUtils.java:31)
at com.saucedemo.utils.ExtentUtils.endReport(ExtentUtils.java:31)
at com.saucedemo.utils.ExtentUtils.endReport(ExtentUtils.java:31)
at com.saucedemo.utils.ExtentUtils.endReport(ExtentUtils.java:31)
at com.saucedemo.utils.ExtentUtils.endReport(ExtentUtils.java:31)
at com.saucedemo.utils.ExtentUtils.endReport(ExtentUtils.java:31)
at com.saucedemo.utils.ExtentUtils.endReport(ExtentUtils.java:31)
at com.saucedemo.utils.ExtentUtils.endReport(ExtentUtils.java:31)
at com.saucedemo.utils.ExtentUtils.endReport(ExtentUtils.java:31)
at com.saucedemo.utils.ExtentUtils.endReport(ExtentUtils.java:31)
at com.saucedemo.utils.ExtentUtils.endReport(ExtentUtils.java:31)
at com.saucedemo.utils.ExtentUtils.endReport(ExtentUtils.java:31)
at com.saucedemo.utils.ExtentUtils.endReport(ExtentUtils.java:31)
at com.saucedemo.utils.ExtentUtils.endReport(ExtentUtils.java:31)
at com.saucedemo.utils.ExtentUtils.endReport(ExtentUtils.java:31)
at com.saucedemo.utils.ExtentUtils.endReport(ExtentUtils.java:31)
at com.saucedemo.utils.ExtentUtils.endReport(ExtentUtils.java:31)
at com.saucedemo.utils.ExtentUtils.endReport(ExtentUtils.java:31)
at com.saucedemo.utils.ExtentUtils.endReport(ExtentUtils.java:31)
at com.saucedemo.utils.ExtentUtils.endReport(ExtentUtils.java:31)
at com.saucedemo.utils.ExtentUtils.endReport(ExtentUtils.java:31)
at com.saucedemo.utils.ExtentUtils.endReport(ExtentUtils.java:31)
at com.saucedemo.utils.ExtentUtils.endReport(ExtentUtils.java:31)
at com.saucedemo.utils.ExtentUtils.endReport(ExtentUtils.java:31)
at com.saucedemo.utils.ExtentUtils.endReport(ExtentUtils.java:31)
at com.saucedemo.utils.ExtentUtils.endReport(ExtentUtils.java:31)
at com.saucedemo.utils.ExtentUtils.endReport(ExtentUtils.java:31)
at com.saucedemo.utils.ExtentUtils.endReport(ExtentUtils.java:31)
at com.saucedemo.utils.ExtentUtils.endReport(ExtentUtils.java:31)
at com.saucedemo.utils.ExtentUtils.endReport(ExtentUtils.java:31)
at com.saucedemo.utils.ExtentUtils.endReport(ExtentUtils.java:31)
at com.saucedemo.utils.ExtentUtils.endReport(ExtentUtils.java:31)
at com.saucedemo.utils.ExtentUtils.endReport(ExtentUtils.java:31)
at com.saucedemo.utils.ExtentUtils.endReport(ExtentUtils.java:31)
at com.saucedemo.utils.ExtentUtils.endReport(ExtentUtils.java:31)
at com.saucedemo.utils.ExtentUtils.endReport(ExtentUtils.java:31)
at com.saucedemo.utils.ExtentUtils.endReport(ExtentUtils.java:31)
at com.saucedemo.utils.ExtentUtils.endReport(ExtentUtils.java:31)
at com.saucedemo.utils.ExtentUtils.endReport(ExtentUtils.java:31)
at com.saucedemo.utils.ExtentUtils.endReport(ExtentUtils.java:31)
at com.saucedemo.utils.ExtentUtils.endReport(ExtentUtils.java:31)
at com.saucedemo.utils.ExtentUtils.endReport(ExtentUtils.java:31)
at com.saucedemo.utils.ExtentUtils.endReport(ExtentUtils.java:31)
at com.saucedemo.utils.ExtentUtils.endReport(ExtentUtils.java:31)
at com.saucedemo.utils.ExtentUtils.endReport(ExtentUtils.java:31)
at com.saucedemo.utils.ExtentUtils.endReport(ExtentUtils.java:31)
at com.saucedemo.utils.ExtentUtils.endReport(ExtentUtils.java:31)
at com.saucedemo.utils.ExtentUtils.endReport(ExtentUtils.java:31)
at com.saucedemo.utils.ExtentUtils.endReport(ExtentUtils.java:31)
at com.saucedemo.utils.ExtentUtils.endReport(ExtentUtils.java:31)
at com.saucedemo.utils.ExtentUtils.endReport(ExtentUtils.java:31)
at com.saucedemo.utils.ExtentUtils.endReport(ExtentUtils.java:31)
at com.saucedemo.utils.ExtentUtils.endReport(ExtentUtils.java:31)
at com.saucedemo.utils.ExtentUtils.endReport(ExtentUtils.java:31)
at com.saucedemo.utils.ExtentUtils.endReport(ExtentUtils.java:31)
at com.saucedemo.utils.ExtentUtils.endReport(ExtentUtils.java:31)
at com.saucedemo.utils.ExtentUtils.endReport(ExtentUtils.java:31)
at com.saucedemo.utils.ExtentUtils.endReport(ExtentUtils.java:31)
at com.saucedemo.utils.ExtentUtils.endReport(ExtentUtils.java:31)
at com.saucedemo.utils.ExtentUtils.endReport(ExtentUtils.java:31)
at com.saucedemo.utils.ExtentUtils.endReport(ExtentUtils.java:31)
at com.saucedemo.utils.ExtentUtils.endReport(ExtentUtils.java:31)
at com.saucedemo.utils.ExtentUtils.endReport(ExtentUtils.java:31)
at com.saucedemo.utils.ExtentUtils.endReport(ExtentUtils.java:31)
at com.saucedemo.utils.ExtentUtils.endReport(ExtentUtils.java:31)
at com.saucedemo.utils.ExtentUtils.endReport(ExtentUtils.java:31)
at com.saucedemo.utils.ExtentUtils.endReport(ExtentUtils.java:31)
at com.saucedemo.utils.ExtentUtils.endReport(ExtentUtils.java:31)
at com.saucedemo.utils.ExtentUtils.endReport(ExtentUtils.java:31)
at com.saucedemo.utils.ExtentUtils.endReport(ExtentUtils.java:31)
at com.saucedemo.utils.ExtentUtils.endReport(ExtentUtils.java:31)
at com.saucedemo.utils.ExtentUtils.endReport(ExtentUtils.java:31)
at com.saucedemo.utils.ExtentUtils.endReport(ExtentUtils.java:31)
at com.saucedemo.utils.ExtentUtils.endReport(ExtentUtils.java:31)
at com.saucedemo.utils.ExtentUtils.endReport(ExtentUtils.java:31)
at com.saucedemo.utils.ExtentUtils.endReport(ExtentUtils.java:31)
at com.saucedemo.utils.ExtentUtils.endReport(ExtentUtils.java:31)
at com.saucedemo.utils.ExtentUtils.endReport(ExtentUtils.java:31)
at com.saucedemo.utils.ExtentUtils.endReport(ExtentUtils.java:31)
at com.saucedemo.utils.ExtentUtils.endReport(ExtentUtils.java:31)
at com.saucedemo.utils.ExtentUtils.endReport(ExtentUtils.java:31)
at com.saucedemo.utils.ExtentUtils.endReport(ExtentUtils.java:31)
at com.saucedemo.utils.ExtentUtils.endReport(ExtentUtils.java:31)
at com.saucedemo.utils.ExtentUtils.endReport(ExtentUtils.java:31)
at com.saucedemo.utils.ExtentUtils.endReport(ExtentUtils.java:31)
at com.saucedemo.utils.ExtentUtils.endReport(ExtentUtils.java:31)
at com.saucedemo.utils.ExtentUtils.endReport(ExtentUtils.java:31)
at com.saucedemo.utils.ExtentUtils.endReport(ExtentUtils.java:31)
at com.saucedemo.utils.ExtentUtils.endReport(ExtentUtils.java:31)
at com.saucedemo.utils.ExtentUtils.endReport(ExtentUtils.java:31)
at com.saucedemo.utils.ExtentUtils.endReport(ExtentUtils.java:31)
at com.saucedemo.utils.ExtentUtils.endReport(ExtentUtils.java:31)
at com.saucedemo.utils.ExtentUtils.endReport(ExtentUtils.java:31)
at com.saucedemo.utils.ExtentUtils.endReport(ExtentUtils.java:31)
at com.saucedemo.utils.ExtentUtils.endReport(ExtentUtils.java:31)
at com.saucedemo.utils.ExtentUtils.endReport(ExtentUtils.java:31)
at com.saucedemo.utils.ExtentUtils.endReport(ExtentUtils.java:31)
at com.saucedemo.utils.ExtentUtils.endReport(ExtentUtils.java:31)
at com.saucedemo.utils.ExtentUtils.endReport(ExtentUtils.java:31)
at com.saucedemo.utils.ExtentUtils.endReport(ExtentUtils.java:31)
at com.saucedemo.utils.ExtentUtils.endReport(ExtentUtils.java:31)
at com.saucedemo.utils.ExtentUtils.endReport(ExtentUtils.java:31)
at com.saucedemo.utils.ExtentUtils.endReport(ExtentUtils.java:31)
at com.saucedemo.utils.ExtentUtils.endReport(ExtentUtils.java:31)
at com.saucedemo.utils.ExtentUtils.endReport(ExtentUtils.java:31)
at com.saucedemo.utils.ExtentUtils.endReport(ExtentUtils.java:31)
at com.saucedemo.utils.ExtentUtils.endReport(ExtentUtils.java:31)
at com.saucedemo.utils.ExtentUtils.endReport(ExtentUtils.java:31)
at com.saucedemo.utils.ExtentUtils.endReport(ExtentUtils.java:31)
at com.saucedemo.utils.ExtentUtils.endReport(ExtentUtils.java:31)
at com.saucedemo.utils.ExtentUtils.endReport(ExtentUtils.java:31)
at com.saucedemo.utils.ExtentUtils.endReport(ExtentUtils.java:31)
at com.saucedemo.utils.ExtentUtils.endReport(ExtentUtils.java:31)
at com.saucedemo.utils.ExtentUtils.endReport(ExtentUtils.java:31)
at com.saucedemo.utils.ExtentUtils.endReport(ExtentUtils.java:31)
at com.saucedemo.utils.ExtentUtils.endReport(ExtentUtils.java:31)
at com.saucedemo.utils.ExtentUtils.endReport(ExtentUtils.java:31)
at com.saucedemo.utils.ExtentUtils.endReport(ExtentUtils.java:31)
at com.saucedemo.utils.ExtentUtils.endReport(ExtentUtils.java:31)
at com.saucedemo.utils.ExtentUtils.endReport(ExtentUtils.java:31)
at com.saucedemo.utils.ExtentUtils.endReport(ExtentUtils.java:31)
at com.saucedemo.utils.ExtentUtils.endReport(ExtentUtils.java:31)
at com.saucedemo.utils.ExtentUtils.endReport(ExtentUtils.java:31)
at com.saucedemo.utils.ExtentUtils.endReport(ExtentUtils.java:31)
at com.saucedemo.utils.ExtentUtils.endReport(ExtentUtils.java:31)
at com.saucedemo.utils.ExtentUtils.endReport(ExtentUtils.java:31)
at com.saucedemo.utils.ExtentUtils.endReport(ExtentUtils.java:31)
at com.saucedemo.utils.ExtentUtils.endReport(ExtentUtils.java:31)
at com.saucedemo.utils.ExtentUtils.endReport(ExtentUtils.java:31)
at com.saucedemo.utils.ExtentUtils.endReport(ExtentUtils.java:31)
at com.saucedemo.utils.ExtentUtils.endReport(ExtentUtils.java:31)
at com.saucedemo.utils.ExtentUtils.endReport(ExtentUtils.java:31)
at com.saucedemo.utils.ExtentUtils.endReport(ExtentUtils.java:31)
at com.saucedemo.utils.ExtentUtils.endReport(ExtentUtils.java:31)
at com.saucedemo.utils.ExtentUtils.endReport(ExtentUtils.java:31)
at com.saucedemo.utils.ExtentUtils.endReport(ExtentUtils.java:31)
at com.saucedemo.utils.ExtentUtils.endReport(ExtentUtils.java:31)
at com.saucedemo.utils.ExtentUtils.endReport(ExtentUtils.java:31)
at com.saucedemo.utils.ExtentUtils.endReport(ExtentUtils.java:31)
at com.saucedemo.utils.ExtentUtils.endReport(ExtentUtils.java:31)
at com.saucedemo.utils.ExtentUtils.endReport(ExtentUtils.java:31)
at com.saucedemo.utils.ExtentUtils.endReport(ExtentUtils.java:31)
at com.saucedemo.utils.ExtentUtils.endReport(ExtentUtils.java:31)
at com.saucedemo.utils.ExtentUtils.endReport(ExtentUtils.java:31)
at com.saucedemo.utils.ExtentUtils.endReport(ExtentUtils.java:31)
at com.saucedemo.utils.ExtentUtils.endReport(ExtentUtils.java:31)
at com.saucedemo.utils.ExtentUtils.endReport(ExtentUtils.java:31)
at com.saucedemo.utils.ExtentUtils.endReport(ExtentUtils.java:31)
at com.saucedemo.utils.ExtentUtils.endReport(ExtentUtils.java:31)
at com.saucedemo.utils.ExtentUtils.endReport(ExtentUtils.java:31)
at com.saucedemo.utils.ExtentUtils.endReport(ExtentUtils.java:31)
at com.saucedemo.utils.ExtentUtils.endReport(ExtentUtils.java:31)
at com.saucedemo.utils.ExtentUtils.endReport(ExtentUtils.java:31)
at com.saucedemo.utils.ExtentUtils.endReport(ExtentUtils.java:31)
at com.saucedemo.utils.ExtentUtils.endReport(ExtentUtils.java:31)
at com.saucedemo.utils.ExtentUtils.endReport(ExtentUtils.java:31)
at com.saucedemo.utils.ExtentUtils.endReport(ExtentUtils.java:31)
at com.saucedemo.utils.ExtentUtils.endReport(ExtentUtils.java:31)
at com.saucedemo.utils.ExtentUtils.endReport(ExtentUtils.java:31)
at com.saucedemo.utils.ExtentUtils.endReport(ExtentUtils.java:31)
at com.saucedemo.utils.ExtentUtils.endReport(ExtentUtils.java:31)
at com.saucedemo.utils.ExtentUtils.endReport(ExtentUtils.java:31)
at com.saucedemo.utils.ExtentUtils.endReport(ExtentUtils.java:31)
at com.saucedemo.utils.ExtentUtils.endReport(ExtentUtils.java:31)
at com.saucedemo.utils.ExtentUtils.endReport(ExtentUtils.java:31)
at com.saucedemo.utils.ExtentUtils.endReport(ExtentUtils.java:31)
at com.saucedemo.utils.ExtentUtils.endReport(ExtentUtils.java:31)
at com.saucedemo.utils.ExtentUtils.endReport(ExtentUtils.java:31)
at com.saucedemo.utils.ExtentUtils.endReport(ExtentUtils.java:31)
at com.saucedemo.utils.ExtentUtils.endReport(ExtentUtils.java:31)
at com.saucedemo.utils.ExtentUtils.endReport(ExtentUtils.java:31)
at com.saucedemo.utils.ExtentUtils.endReport(ExtentUtils.java:31)
at com.saucedemo.utils.ExtentUtils.endReport(ExtentUtils.java:31)
at com.saucedemo.utils.ExtentUtils.endReport(ExtentUtils.java:31)
at com.saucedemo.utils.ExtentUtils.endReport(ExtentUtils.java:31)
at com.saucedemo.utils.ExtentUtils.endReport(ExtentUtils.java:31)
at com.saucedemo.utils.ExtentUtils.endReport(ExtentUtils.java:31)
at com.saucedemo.utils.ExtentUtils.endReport(ExtentUtils.java:31)
at com.saucedemo.utils.ExtentUtils.endReport(ExtentUtils.java:31)
at com.saucedemo.utils.ExtentUtils.endReport(ExtentUtils.java:31)
at com.saucedemo.utils.ExtentUtils.endReport(ExtentUtils.java:31)
at com.saucedemo.utils.ExtentUtils.endReport(ExtentUtils.java:31)
at com.saucedemo.utils.ExtentUtils.endReport(ExtentUtils.java:31)
at com.saucedemo.utils.ExtentUtils.endReport(ExtentUtils.java:31)
at com.saucedemo.utils.ExtentUtils.endReport(ExtentUtils.java:31)
at com.saucedemo.utils.ExtentUtils.endReport(ExtentUtils.java:31)
at com.saucedemo.utils.ExtentUtils.endReport(ExtentUtils.java:31)
at com.saucedemo.utils.ExtentUtils.endReport(ExtentUtils.java:31)
at com.saucedemo.utils.ExtentUtils.endReport(ExtentUtils.java:31)
at com.saucedemo.utils.ExtentUtils.endReport(ExtentUtils.java:31)
at com.saucedemo.utils.ExtentUtils.endReport(ExtentUtils.java:31)
at com.saucedemo.utils.ExtentUtils.endReport(ExtentUtils.java:31)
at com.saucedemo.utils.ExtentUtils.endReport(ExtentUtils.java:31)
at com.saucedemo.utils.ExtentUtils.endReport(ExtentUtils.java:31)
at com.saucedemo.utils.ExtentUtils.endReport(ExtentUtils.java:31)
at com.saucedemo.utils.ExtentUtils.endReport(ExtentUtils.java:31)
at com.saucedemo.utils.ExtentUtils.endReport(ExtentUtils.java:31)
at com.saucedemo.utils.ExtentUtils.endReport(ExtentUtils.java:31)
at com.saucedemo.utils.ExtentUtils.endReport(ExtentUtils.java:31)
at com.saucedemo.utils.ExtentUtils.endReport(ExtentUtils.java:31)
at com.saucedemo.utils.ExtentUtils.endReport(ExtentUtils.java:31)
at com.saucedemo.utils.ExtentUtils.endReport(ExtentUtils.java:31)
at com.saucedemo.utils.ExtentUtils.endReport(ExtentUtils.java:31)
at com.saucedemo.utils.ExtentUtils.endReport(ExtentUtils.java:31)
at com.saucedemo.utils.ExtentUtils.endReport(ExtentUtils.java:31)
at com.saucedemo.utils.ExtentUtils.endReport(ExtentUtils.java:31)
at com.saucedemo.utils.ExtentUtils.endReport(ExtentUtils.java:31)
at com.saucedemo.utils.ExtentUtils.endReport(ExtentUtils.java:31)
at com.saucedemo.utils.ExtentUtils.endReport(ExtentUtils.java:31)
at com.saucedemo.utils.ExtentUtils.endReport(ExtentUtils.java:31)
at com.saucedemo.utils.ExtentUtils.endReport(ExtentUtils.java:31)
at com.saucedemo.utils.ExtentUtils.endReport(ExtentUtils.java:31)
at com.saucedemo.utils.ExtentUtils.endReport(ExtentUtils.java:31)
at com.saucedemo.utils.ExtentUtils.endReport(ExtentUtils.java:31)
at com.saucedemo.utils.ExtentUtils.endReport(ExtentUtils.java:31)
at com.saucedemo.utils.ExtentUtils.endReport(ExtentUtils.java:31)
at com.saucedemo.utils.ExtentUtils.endReport(ExtentUtils.java:31)
at com.saucedemo.utils.ExtentUtils.endReport(ExtentUtils.java:31)
at com.saucedemo.utils.ExtentUtils.endReport(ExtentUtils.java:31)
at com.saucedemo.utils.ExtentUtils.endReport(ExtentUtils.java:31)
at com.saucedemo.utils.ExtentUtils.endReport(ExtentUtils.java:31)
at com.saucedemo.utils.ExtentUtils.endReport(ExtentUtils.java:31)
at com.saucedemo.utils.ExtentUtils.endReport(ExtentUtils.java:31)
at com.saucedemo.utils.ExtentUtils.endReport(ExtentUtils.java:31)
at com.saucedemo.utils.ExtentUtils.endReport(ExtentUtils.java:31)
at com.saucedemo.utils.ExtentUtils.endReport(ExtentUtils.java:31)
at com.saucedemo.utils.ExtentUtils.endReport(ExtentUtils.java:31)
at com.saucedemo.utils.ExtentUtils.endReport(ExtentUtils.java:31)
at com.saucedemo.utils.ExtentUtils.endReport(ExtentUtils.java:31)
at com.saucedemo.utils.ExtentUtils.endReport(ExtentUtils.java:31)
at com.saucedemo.utils.ExtentUtils.endReport(ExtentUtils.java:31)
at com.saucedemo.utils.ExtentUtils.endReport(ExtentUtils.java:31)
at com.saucedemo.utils.ExtentUtils.endReport(ExtentUtils.java:31)
at com.saucedemo.utils.ExtentUtils.endReport(ExtentUtils.java:31)
at com.saucedemo.utils.ExtentUtils.endReport(ExtentUtils.java:31)
at com.saucedemo.utils.ExtentUtils.endReport(ExtentUtils.java:31)
at com.saucedemo.utils.ExtentUtils.endReport(ExtentUtils.java:31)
at com.saucedemo.utils.ExtentUtils.endReport(ExtentUtils.java:31)
at com.saucedemo.utils.ExtentUtils.endReport(ExtentUtils.java:31)
at com.saucedemo.utils.ExtentUtils.endReport(ExtentUtils.java:31)
at com.saucedemo.utils.ExtentUtils.endReport(ExtentUtils.java:31)
at com.saucedemo.utils.ExtentUtils.endReport(ExtentUtils.java:31)
at com.saucedemo.utils.ExtentUtils.endReport(ExtentUtils.java:31)
at com.saucedemo.utils.ExtentUtils.endReport(ExtentUtils.java:31)
at com.saucedemo.utils.ExtentUtils.endReport(ExtentUtils.java:31)
at com.saucedemo.utils.ExtentUtils.endReport(ExtentUtils.java:31)
at com.saucedemo.utils.ExtentUtils.endReport(ExtentUtils.java:31)
at com.saucedemo.utils.ExtentUtils.endReport(ExtentUtils.java:31)
at com.saucedemo.utils.ExtentUtils.endReport(ExtentUtils.java:31)
at com.saucedemo.utils.ExtentUtils.endReport(ExtentUtils.java:31)
at com.saucedemo.utils.ExtentUtils.endReport(ExtentUtils.java:31)
at com.saucedemo.utils.ExtentUtils.endReport(ExtentUtils.java:31)
at com.saucedemo.utils.ExtentUtils.endReport(ExtentUtils.java:31)
at com.saucedemo.utils.ExtentUtils.endReport(ExtentUtils.java:31)
at com.saucedemo.utils.ExtentUtils.endReport(ExtentUtils.java:31)
at com.saucedemo.utils.ExtentUtils.endReport(ExtentUtils.java:31)
at com.saucedemo.utils.ExtentUtils.endReport(ExtentUtils.java:31)
at com.saucedemo.utils.ExtentUtils.endReport(ExtentUtils.java:31)
at com.saucedemo.utils.ExtentUtils.endReport(ExtentUtils.java:31)
at com.saucedemo.utils.ExtentUtils.endReport(ExtentUtils.java:31)
at com.saucedemo.utils.ExtentUtils.endReport(ExtentUtils.java:31)
at com.saucedemo.utils.ExtentUtils.endReport(ExtentUtils.java:31)
at com.saucedemo.utils.ExtentUtils.endReport(ExtentUtils.java:31)
at com.saucedemo.utils.ExtentUtils.endReport(ExtentUtils.java:31)
at com.saucedemo.utils.ExtentUtils.endReport(ExtentUtils.java:31)
at com.saucedemo.utils.ExtentUtils.endReport(ExtentUtils.java:31)
at com.saucedemo.utils.ExtentUtils.endReport(ExtentUtils.java:31)
at com.saucedemo.utils.ExtentUtils.endReport(ExtentUtils.java:31)
at com.saucedemo.utils.ExtentUtils.endReport(ExtentUtils.java:31)
at com.saucedemo.utils.ExtentUtils.endReport(ExtentUtils.java:31)
at com.saucedemo.utils.ExtentUtils.endReport(ExtentUtils.java:31)
at com.saucedemo.utils.ExtentUtils.endReport(ExtentUtils.java:31)
at com.saucedemo.utils.ExtentUtils.endReport(ExtentUtils.java:31)
at com.saucedemo.utils.ExtentUtils.endReport(ExtentUtils.java:31)
at com.saucedemo.utils.ExtentUtils.endReport(ExtentUtils.java:31)
at com.saucedemo.utils.ExtentUtils.endReport(ExtentUtils.java:31)
at com.saucedemo.utils.ExtentUtils.endReport(ExtentUtils.java:31)
at com.saucedemo.utils.ExtentUtils.endReport(ExtentUtils.java:31)
at com.saucedemo.utils.ExtentUtils.endReport(ExtentUtils.java:31)
at com.saucedemo.utils.ExtentUtils.endReport(ExtentUtils.java:31)
at com.saucedemo.utils.ExtentUtils.endReport(ExtentUtils.java:31)
at com.saucedemo.utils.ExtentUtils.endReport(ExtentUtils.java:31)
at com.saucedemo.utils.ExtentUtils.endReport(ExtentUtils.java:31)
at com.saucedemo.utils.ExtentUtils.endReport(ExtentUtils.java:31)
at com.saucedemo.utils.ExtentUtils.endReport(ExtentUtils.java:31)
at com.saucedemo.utils.ExtentUtils.endReport(ExtentUtils.java:31)
at com.saucedemo.utils.ExtentUtils.endReport(ExtentUtils.java:31)
at com.saucedemo.utils.ExtentUtils.endReport(ExtentUtils.java:31)
at com.saucedemo.utils.ExtentUtils.endReport(ExtentUtils.java:31)
at com.saucedemo.utils.ExtentUtils.endReport(ExtentUtils.java:31)
at com.saucedemo.utils.ExtentUtils.endReport(ExtentUtils.java:31)
at com.saucedemo.utils.ExtentUtils.endReport(ExtentUtils.java:31)
at com.saucedemo.utils.ExtentUtils.endReport(ExtentUtils.java:31)
at com.saucedemo.utils.ExtentUtils.endReport(ExtentUtils.java:31)
at com.saucedemo.utils.ExtentUtils.endReport(ExtentUtils.java:31)
at com.saucedemo.utils.ExtentUtils.endReport(ExtentUtils.java:31)
at com.saucedemo.utils.ExtentUtils.endReport(ExtentUtils.java:31)
at com.saucedemo.utils.ExtentUtils.endReport(ExtentUtils.java:31)
at com.saucedemo.utils.ExtentUtils.endReport(ExtentUtils.java:31)
at com.saucedemo.utils.ExtentUtils.endReport(ExtentUtils.java:31)
at com.saucedemo.utils.ExtentUtils.endReport(ExtentUtils.java:31)
at com.saucedemo.utils.ExtentUtils.endReport(ExtentUtils.java:31)
at com.saucedemo.utils.ExtentUtils.endReport(ExtentUtils.java:31)
at com.saucedemo.utils.ExtentUtils.endReport(ExtentUtils.java:31)
at com.saucedemo.utils.ExtentUtils.endReport(ExtentUtils.java:31)
at com.saucedemo.utils.ExtentUtils.endReport(ExtentUtils.java:31)
at com.saucedemo.utils.ExtentUtils.endReport(ExtentUtils.java:31)
at com.saucedemo.utils.ExtentUtils.endReport(ExtentUtils.java:31)
at com.saucedemo.utils.ExtentUtils.endReport(ExtentUtils.java:31)
at com.saucedemo.utils.ExtentUtils.endReport(ExtentUtils.java:31)
at com.saucedemo.utils.ExtentUtils.endReport(ExtentUtils.java:31)
at com.saucedemo.utils.ExtentUtils.endReport(ExtentUtils.java:31)
at com.saucedemo.utils.ExtentUtils.endReport(ExtentUtils.java:31)
at com.saucedemo.utils.ExtentUtils.endReport(ExtentUtils.java:31)
at com.saucedemo.utils.ExtentUtils.endReport(ExtentUtils.java:31)
at com.saucedemo.utils.ExtentUtils.endReport(ExtentUtils.java:31)
at com.saucedemo.utils.ExtentUtils.endReport(ExtentUtils.java:31)
at com.saucedemo.utils.ExtentUtils.endReport(ExtentUtils.java:31)
at com.saucedemo.utils.ExtentUtils.endReport(ExtentUtils.java:31)
at com.saucedemo.utils.ExtentUtils.endReport(ExtentUtils.java:31)
at com.saucedemo.utils.ExtentUtils.endReport(ExtentUtils.java:31)
at com.saucedemo.utils.ExtentUtils.endReport(ExtentUtils.java:31)
at com.saucedemo.utils.ExtentUtils.endReport(ExtentUtils.java:31)
at com.saucedemo.utils.ExtentUtils.endReport(ExtentUtils.java:31)
at com.saucedemo.utils.ExtentUtils.endReport(ExtentUtils.java:31)
at com.saucedemo.utils.ExtentUtils.endReport(ExtentUtils.java:31)
at com.saucedemo.utils.ExtentUtils.endReport(ExtentUtils.java:31)
at com.saucedemo.utils.ExtentUtils.endReport(ExtentUtils.java:31)
at com.saucedemo.utils.ExtentUtils.endReport(ExtentUtils.java:31)
at com.saucedemo.utils.ExtentUtils.endReport(ExtentUtils.java:31)
at com.saucedemo.utils.ExtentUtils.endReport(ExtentUtils.java:31)
at com.saucedemo.utils.ExtentUtils.endReport(ExtentUtils.java:31)
at com.saucedemo.utils.ExtentUtils.endReport(ExtentUtils.java:31)
at com.saucedemo.utils.ExtentUtils.endReport(ExtentUtils.java:31)
at com.saucedemo.utils.ExtentUtils.endReport(ExtentUtils.java:31)
at com.saucedemo.utils.ExtentUtils.endReport(ExtentUtils.java:31)
at com.saucedemo.utils.ExtentUtils.endReport(ExtentUtils.java:31)
at com.saucedemo.utils.ExtentUtils.endReport(ExtentUtils.java:31)
at com.saucedemo.utils.ExtentUtils.endReport(ExtentUtils.java:31)
at com.saucedemo.utils.ExtentUtils.endReport(ExtentUtils.java:31)
at com.saucedemo.utils.ExtentUtils.endReport(ExtentUtils.java:31)
at com.saucedemo.utils.ExtentUtils.endReport(ExtentUtils.java:31)
at com.saucedemo.utils.ExtentUtils.endReport(ExtentUtils.java:31)
at com.saucedemo.utils.ExtentUtils.endReport(ExtentUtils.java:31)
at com.saucedemo.utils.ExtentUtils.endReport(ExtentUtils.java:31)
at com.saucedemo.utils.ExtentUtils.endReport(ExtentUtils.java:31)
at com.saucedemo.utils.ExtentUtils.endReport(ExtentUtils.java:31)
at com.saucedemo.utils.ExtentUtils.endReport(ExtentUtils.java:31)
at com.saucedemo.utils.ExtentUtils.endReport(ExtentUtils.java:31)
at com.saucedemo.utils.ExtentUtils.endReport(ExtentUtils.java:31)
at com.saucedemo.utils.ExtentUtils.endReport(ExtentUtils.java:31)
at com.saucedemo.utils.ExtentUtils.endReport(ExtentUtils.java:31)
at com.saucedemo.utils.ExtentUtils.endReport(ExtentUtils.java:31)
at com.saucedemo.utils.ExtentUtils.endReport(ExtentUtils.java:31)
at com.saucedemo.utils.ExtentUtils.endReport(ExtentUtils.java:31)
at com.saucedemo.utils.ExtentUtils.endReport(ExtentUtils.java:31)
at com.saucedemo.utils.ExtentUtils.endReport(ExtentUtils.java:31)
at com.saucedemo.utils.ExtentUtils.endReport(ExtentUtils.java:31)
at com.saucedemo.utils.ExtentUtils.endReport(ExtentUtils.java:31)
at com.saucedemo.utils.ExtentUtils.endReport(ExtentUtils.java:31)
at com.saucedemo.utils.ExtentUtils.endReport(ExtentUtils.java:31)
at com.saucedemo.utils.ExtentUtils.endReport(ExtentUtils.java:31)
at com.saucedemo.utils.ExtentUtils.endReport(ExtentUtils.java:31)
at com.saucedemo.utils.ExtentUtils.endReport(ExtentUtils.java:31)
at com.saucedemo.utils.ExtentUtils.endReport(ExtentUtils.java:31)
at com.saucedemo.utils.ExtentUtils.endReport(ExtentUtils.java:31)
at com.saucedemo.utils.ExtentUtils.endReport(ExtentUtils.java:31)
at com.saucedemo.utils.ExtentUtils.endReport(ExtentUtils.java:31)
at com.saucedemo.utils.ExtentUtils.endReport(ExtentUtils.java:31)
at com.saucedemo.utils.ExtentUtils.endReport(ExtentUtils.java:31)
at com.saucedemo.utils.ExtentUtils.endReport(ExtentUtils.java:31)
at com.saucedemo.utils.ExtentUtils.endReport(ExtentUtils.java:31)
at com.saucedemo.utils.ExtentUtils.endReport(ExtentUtils.java:31)
at com.saucedemo.utils.ExtentUtils.endReport(ExtentUtils.java:31)
at com.saucedemo.utils.ExtentUtils.endReport(ExtentUtils.java:31)
at com.saucedemo.utils.ExtentUtils.endReport(ExtentUtils.java:31)
at com.saucedemo.utils.ExtentUtils.endReport(ExtentUtils.java:31)
at com.saucedemo.utils.ExtentUtils.endReport(ExtentUtils.java:31)
at com.saucedemo.utils.ExtentUtils.endReport(ExtentUtils.java:31)
at com.saucedemo.utils.ExtentUtils.endReport(ExtentUtils.java:31)
at com.saucedemo.utils.ExtentUtils.endReport(ExtentUtils.java:31)
at com.saucedemo.utils.ExtentUtils.endReport(ExtentUtils.java:31)
at com.saucedemo.utils.ExtentUtils.endReport(ExtentUtils.java:31)
at com.saucedemo.utils.ExtentUtils.endReport(ExtentUtils.java:31)
at com.saucedemo.utils.ExtentUtils.endReport(ExtentUtils.java:31)
at com.saucedemo.utils.ExtentUtils.endReport(ExtentUtils.java:31)
at com.saucedemo.utils.ExtentUtils.endReport(ExtentUtils.java:31)
at com.saucedemo.utils.ExtentUtils.endReport(ExtentUtils.java:31)
at com.saucedemo.utils.ExtentUtils.endReport(ExtentUtils.java:31)
at com.saucedemo.utils.ExtentUtils.endReport(ExtentUtils.java:31)
at com.saucedemo.utils.ExtentUtils.endReport(ExtentUtils.java:31)
at com.saucedemo.utils.ExtentUtils.endReport(ExtentUtils.java:31)
at com.saucedemo.utils.ExtentUtils.endReport(ExtentUtils.java:31)
at com.saucedemo.utils.ExtentUtils.endReport(ExtentUtils.java:31)
at com.saucedemo.utils.ExtentUtils.endReport(ExtentUtils.java:31)
at com.saucedemo.utils.ExtentUtils.endReport(ExtentUtils.java:31)
at com.saucedemo.utils.ExtentUtils.endReport(ExtentUtils.java:31)
at com.saucedemo.utils.ExtentUtils.endReport(ExtentUtils.java:31)
at com.saucedemo.utils.ExtentUtils.endReport(ExtentUtils.java:31)
at com.saucedemo.utils.ExtentUtils.endReport(ExtentUtils.java:31)
at com.saucedemo.utils.ExtentUtils.endReport(ExtentUtils.java:31)
at com.saucedemo.utils.ExtentUtils.endReport(ExtentUtils.java:31)
at com.saucedemo.utils.ExtentUtils.endReport(ExtentUtils.java:31)
at com.saucedemo.utils.ExtentUtils.endReport(ExtentUtils.java:31)
at com.saucedemo.utils.ExtentUtils.endReport(ExtentUtils.java:31)
at com.saucedemo.utils.ExtentUtils.endReport(ExtentUtils.java:31)
at com.saucedemo.utils.ExtentUtils.endReport(ExtentUtils.java:31)
at com.saucedemo.utils.ExtentUtils.endReport(ExtentUtils.java:31)
at com.saucedemo.utils.ExtentUtils.endReport(ExtentUtils.java:31)
at com.saucedemo.utils.ExtentUtils.endReport(ExtentUtils.java:31)
at com.saucedemo.utils.ExtentUtils.endReport(ExtentUtils.java:31)
at com.saucedemo.utils.ExtentUtils.endReport(ExtentUtils.java:31)
at com.saucedemo.utils.ExtentUtils.endReport(ExtentUtils.java:31)
at com.saucedemo.utils.ExtentUtils.endReport(ExtentUtils.java:31)
at com.saucedemo.utils.ExtentUtils.endReport(ExtentUtils.java:31)
at com.saucedemo.utils.ExtentUtils.endReport(ExtentUtils.java:31)
at com.saucedemo.utils.ExtentUtils.endReport(ExtentUtils.java:31)
at com.saucedemo.utils.ExtentUtils.endReport(ExtentUtils.java:31)
at com.saucedemo.utils.ExtentUtils.endReport(ExtentUtils.java:31)
at com.saucedemo.utils.ExtentUtils.endReport(ExtentUtils.java:31)
at com.saucedemo.utils.ExtentUtils.endReport(ExtentUtils.java:31)
at com.saucedemo.utils.ExtentUtils.endReport(ExtentUtils.java:31)
at com.saucedemo.utils.ExtentUtils.endReport(ExtentUtils.java:31)
at com.saucedemo.utils.ExtentUtils.endReport(ExtentUtils.java:31)
at com.saucedemo.utils.ExtentUtils.endReport(ExtentUtils.java:31)
at com.saucedemo.utils.ExtentUtils.endReport(ExtentUtils.java:31)
at com.saucedemo.utils.ExtentUtils.endReport(ExtentUtils.java:31)
at com.saucedemo.utils.ExtentUtils.endReport(ExtentUtils.java:31)
at com.saucedemo.utils.ExtentUtils.endReport(ExtentUtils.java:31)
at com.saucedemo.utils.ExtentUtils.endReport(ExtentUtils.java:31)
at com.saucedemo.utils.ExtentUtils.endReport(ExtentUtils.java:31)
at com.saucedemo.utils.ExtentUtils.endReport(ExtentUtils.java:31)
at com.saucedemo.utils.ExtentUtils.endReport(ExtentUtils.java:31)
at com.saucedemo.utils.ExtentUtils.endReport(ExtentUtils.java:31)
at com.saucedemo.utils.ExtentUtils.endReport(ExtentUtils.java:31)
at com.saucedemo.utils.ExtentUtils.endReport(ExtentUtils.java:31)
at com.saucedemo.utils.ExtentUtils.endReport(ExtentUtils.java:31)
at com.saucedemo.utils.ExtentUtils.endReport(ExtentUtils.java:31)
at com.saucedemo.utils.ExtentUtils.endReport(ExtentUtils.java:31)
at com.saucedemo.utils.ExtentUtils.endReport(ExtentUtils.java:31)
at com.saucedemo.utils.ExtentUtils.endReport(ExtentUtils.java:31)
at com.saucedemo.utils.ExtentUtils.endReport(ExtentUtils.java:31)
at com.saucedemo.utils.ExtentUtils.endReport(ExtentUtils.java:31)
at com.saucedemo.utils.ExtentUtils.endReport(ExtentUtils.java:31)
at com.saucedemo.utils.ExtentUtils.endReport(ExtentUtils.java:31)
at com.saucedemo.utils.ExtentUtils.endReport(ExtentUtils.java:31)
at com.saucedemo.utils.ExtentUtils.endReport(ExtentUtils.java:31)
at com.saucedemo.utils.ExtentUtils.endReport(ExtentUtils.java:31)
at com.saucedemo.utils.ExtentUtils.endReport(ExtentUtils.java:31)
at com.saucedemo.utils.ExtentUtils.endReport(ExtentUtils.java:31)
at com.saucedemo.utils.ExtentUtils.endReport(ExtentUtils.java:31)
at com.saucedemo.utils.ExtentUtils.endReport(ExtentUtils.java:31)
at com.saucedemo.utils.ExtentUtils.endReport(ExtentUtils.java:31)
at com.saucedemo.utils.ExtentUtils.endReport(ExtentUtils.java:31)
at com.saucedemo.utils.ExtentUtils.endReport(ExtentUtils.java:31)
at com.saucedemo.utils.ExtentUtils.endReport(ExtentUtils.java:31)
at com.saucedemo.utils.ExtentUtils.endReport(ExtentUtils.java:31)
at com.saucedemo.utils.ExtentUtils.endReport(ExtentUtils.java:31)
at com.saucedemo.utils.ExtentUtils.endReport(ExtentUtils.java:31)
at com.saucedemo.utils.ExtentUtils.endReport(ExtentUtils.java:31)
at com.saucedemo.utils.ExtentUtils.endReport(ExtentUtils.java:31)
at com.saucedemo.utils.ExtentUtils.endReport(ExtentUtils.java:31)
at com.saucedemo.utils.ExtentUtils.endReport(ExtentUtils.java:31)
at com.saucedemo.utils.ExtentUtils.endReport(ExtentUtils.java:31)
at com.saucedemo.utils.ExtentUtils.endReport(ExtentUtils.java:31)
at com.saucedemo.utils.ExtentUtils.endReport(ExtentUtils.java:31)
at com.saucedemo.utils.ExtentUtils.endReport(ExtentUtils.java:31)
at com.saucedemo.utils.ExtentUtils.endReport(ExtentUtils.java:31)
at com.saucedemo.utils.ExtentUtils.endReport(ExtentUtils.java:31)
at com.saucedemo.utils.ExtentUtils.endReport(ExtentUtils.java:31)
at com.saucedemo.utils.ExtentUtils.endReport(ExtentUtils.java:31)
at com.saucedemo.utils.ExtentUtils.endReport(ExtentUtils.java:31)
at com.saucedemo.utils.ExtentUtils.endReport(ExtentUtils.java:31)
at com.saucedemo.utils.ExtentUtils.endReport(ExtentUtils.java:31)
at com.saucedemo.utils.ExtentUtils.endReport(ExtentUtils.java:31)
at com.saucedemo.utils.ExtentUtils.endReport(ExtentUtils.java:31)
at com.saucedemo.utils.ExtentUtils.endReport(ExtentUtils.java:31)
at com.saucedemo.utils.ExtentUtils.endReport(ExtentUtils.java:31)
at com.saucedemo.utils.ExtentUtils.endReport(ExtentUtils.java:31)
at com.saucedemo.utils.ExtentUtils.endReport(ExtentUtils.java:31)
at com.saucedemo.utils.ExtentUtils.endReport(ExtentUtils.java:31)
at com.saucedemo.utils.ExtentUtils.endReport(ExtentUtils.java:31)
at com.saucedemo.utils.ExtentUtils.endReport(ExtentUtils.java:31)
at com.saucedemo.utils.ExtentUtils.endReport(ExtentUtils.java:31)
at com.saucedemo.utils.ExtentUtils.endReport(ExtentUtils.java:31)
at com.saucedemo.utils.ExtentUtils.endReport(ExtentUtils.java:31)
at com.saucedemo.utils.ExtentUtils.endReport(ExtentUtils.java:31)
at com.saucedemo.utils.ExtentUtils.endReport(ExtentUtils.java:31)
at com.saucedemo.utils.ExtentUtils.endReport(ExtentUtils.java:31)
at com.saucedemo.utils.ExtentUtils.endReport(ExtentUtils.java:31)
at com.saucedemo.utils.ExtentUtils.endReport(ExtentUtils.java:31)
at com.saucedemo.utils.ExtentUtils.endReport(ExtentUtils.java:31)
at com.saucedemo.utils.ExtentUtils.endReport(ExtentUtils.java:31)
at com.saucedemo.utils.ExtentUtils.endReport(ExtentUtils.java:31)
at com.saucedemo.utils.ExtentUtils.endReport(ExtentUtils.java:31)
at com.saucedemo.utils.ExtentUtils.endReport(ExtentUtils.java:31)
at com.saucedemo.utils.ExtentUtils.endReport(ExtentUtils.java:31)
at com.saucedemo.utils.ExtentUtils.endReport(ExtentUtils.java:31)
at com.saucedemo.utils.ExtentUtils.endReport(ExtentUtils.java:31)
at com.saucedemo.utils.ExtentUtils.endReport(ExtentUtils.java:31)
at com.saucedemo.utils.ExtentUtils.endReport(ExtentUtils.java:31)
at com.saucedemo.utils.ExtentUtils.endReport(ExtentUtils.java:31)
at com.saucedemo.utils.ExtentUtils.endReport(ExtentUtils.java:31)
at com.saucedemo.utils.ExtentUtils.endReport(ExtentUtils.java:31)
at com.saucedemo.utils.ExtentUtils.endReport(ExtentUtils.java:31)
at com.saucedemo.utils.ExtentUtils.endReport(ExtentUtils.java:31)
at com.saucedemo.utils.ExtentUtils.endReport(ExtentUtils.java:31)
at com.saucedemo.utils.ExtentUtils.endReport(ExtentUtils.java:31)
at com.saucedemo.utils.ExtentUtils.endReport(ExtentUtils.java:31)
at com.saucedemo.utils.ExtentUtils.endReport(ExtentUtils.java:31)
at com.saucedemo.utils.ExtentUtils.endReport(ExtentUtils.java:31)
at com.saucedemo.utils.ExtentUtils.endReport(ExtentUtils.java:31)
at com.saucedemo.utils.ExtentUtils.endReport(ExtentUtils.java:31)
at com.saucedemo.utils.ExtentUtils.endReport(ExtentUtils.java:31)
at com.saucedemo.utils.ExtentUtils.endReport(ExtentUtils.java:31)
at com.saucedemo.utils.ExtentUtils.endReport(ExtentUtils.java:31)
at com.saucedemo.utils.ExtentUtils.endReport(ExtentUtils.java:31)
at com.saucedemo.utils.ExtentUtils.endReport(ExtentUtils.java:31)
at com.saucedemo.utils.ExtentUtils.endReport(ExtentUtils.java:31)
at com.saucedemo.utils.ExtentUtils.endReport(ExtentUtils.java:31)
at com.saucedemo.utils.ExtentUtils.endReport(ExtentUtils.java:31)
at com.saucedemo.utils.ExtentUtils.endReport(ExtentUtils.java:31)
at com.saucedemo.utils.ExtentUtils.endReport(ExtentUtils.java:31)
at com.saucedemo.utils.ExtentUtils.endReport(ExtentUtils.java:31)
at com.saucedemo.utils.ExtentUtils.endReport(ExtentUtils.java:31)
at com.saucedemo.utils.ExtentUtils.endReport(ExtentUtils.java:31)
at com.saucedemo.utils.ExtentUtils.endReport(ExtentUtils.java:31)
at com.saucedemo.utils.ExtentUtils.endReport(ExtentUtils.java:31)
at com.saucedemo.utils.ExtentUtils.endReport(ExtentUtils.java:31)
at com.saucedemo.utils.ExtentUtils.endReport(ExtentUtils.java:31)
at com.saucedemo.utils.ExtentUtils.endReport(ExtentUtils.java:31)
at com.saucedemo.utils.ExtentUtils.endReport(ExtentUtils.java:31)
at com.saucedemo.utils.ExtentUtils.endReport(ExtentUtils.java:31)
at com.saucedemo.utils.ExtentUtils.endReport(ExtentUtils.java:31)
at com.saucedemo.utils.ExtentUtils.endReport(ExtentUtils.java:31)
at com.saucedemo.utils.ExtentUtils.endReport(ExtentUtils.java:31)
at com.saucedemo.utils.ExtentUtils.endReport(ExtentUtils.java:31)
at com.saucedemo.utils.ExtentUtils.endReport(ExtentUtils.java:31)
at com.saucedemo.utils.ExtentUtils.endReport(ExtentUtils.java:31)
at com.saucedemo.utils.ExtentUtils.endReport(ExtentUtils.java:31)
at com.saucedemo.utils.ExtentUtils.endReport(ExtentUtils.java:31)
at com.saucedemo.utils.ExtentUtils.endReport(ExtentUtils.java:31)
at com.saucedemo.utils.ExtentUtils.endReport(ExtentUtils.java:31)
at com.saucedemo.utils.ExtentUtils.endReport(ExtentUtils.java:31)
at com.saucedemo.utils.ExtentUtils.endReport(ExtentUtils.java:31)
at com.saucedemo.utils.ExtentUtils.endReport(ExtentUtils.java:31)
at com.saucedemo.utils.ExtentUtils.endReport(ExtentUtils.java:31)
at com.saucedemo.utils.ExtentUtils.endReport(ExtentUtils.java:31)
at com.saucedemo.utils.ExtentUtils.endReport(ExtentUtils.java:31)
at com.saucedemo.utils.ExtentUtils.endReport(ExtentUtils.java:31)
at com.saucedemo.utils.ExtentUtils.endReport(ExtentUtils.java:31)
at com.saucedemo.utils.ExtentUtils.endReport(ExtentUtils.java:31)
at com.saucedemo.utils.ExtentUtils.endReport(ExtentUtils.java:31)
at com.saucedemo.utils.ExtentUtils.endReport(ExtentUtils.java:31)
at com.saucedemo.utils.ExtentUtils.endReport(ExtentUtils.java:31)
at com.saucedemo.utils.ExtentUtils.endReport(ExtentUtils.java:31)
at com.saucedemo.utils.ExtentUtils.endReport(ExtentUtils.java:31)
at com.saucedemo.utils.ExtentUtils.endReport(ExtentUtils.java:31)
at com.saucedemo.utils.ExtentUtils.endReport(ExtentUtils.java:31)
at com.saucedemo.utils.ExtentUtils.endReport(ExtentUtils.java:31)
at com.saucedemo.utils.ExtentUtils.endReport(ExtentUtils.java:31)
at com.saucedemo.utils.ExtentUtils.endReport(ExtentUtils.java:31)
at com.saucedemo.utils.ExtentUtils.endReport(ExtentUtils.java:31)
at com.saucedemo.utils.ExtentUtils.endReport(ExtentUtils.java:31)
at com.saucedemo.utils.ExtentUtils.endReport(ExtentUtils.java:31)
at com.saucedemo.utils.ExtentUtils.endReport(ExtentUtils.java:31)
at com.saucedemo.utils.ExtentUtils.endReport(ExtentUtils.java:31)
at com.saucedemo.utils.ExtentUtils.endReport(ExtentUtils.java:31)
at com.saucedemo.utils.ExtentUtils.endReport(ExtentUtils.java:31)
at com.saucedemo.utils.ExtentUtils.endReport(ExtentUtils.java:31)
at com.saucedemo.utils.ExtentUtils.endReport(ExtentUtils.java:31)
at com.saucedemo.utils.ExtentUtils.endReport(ExtentUtils.java:31)
at com.saucedemo.utils.ExtentUtils.endReport(ExtentUtils.java:31)
at com.saucedemo.utils.ExtentUtils.endReport(ExtentUtils.java:31)
at com.saucedemo.utils.ExtentUtils.endReport(ExtentUtils.java:31)
at com.saucedemo.utils.ExtentUtils.endReport(ExtentUtils.java:31)
at com.saucedemo.utils.ExtentUtils.endReport(ExtentUtils.java:31)
at com.saucedemo.utils.ExtentUtils.endReport(ExtentUtils.java:31)
at com.saucedemo.utils.ExtentUtils.endReport(ExtentUtils.java:31)
at com.saucedemo.utils.ExtentUtils.endReport(ExtentUtils.java:31)
at com.saucedemo.utils.ExtentUtils.endReport(ExtentUtils.java:31)
at com.saucedemo.utils.ExtentUtils.endReport(ExtentUtils.java:31)
at com.saucedemo.utils.ExtentUtils.endReport(ExtentUtils.java:31)
at com.saucedemo.utils.ExtentUtils.endReport(ExtentUtils.java:31)
at com.saucedemo.utils.ExtentUtils.endReport(ExtentUtils.java:31)
at com.saucedemo.utils.ExtentUtils.endReport(ExtentUtils.java:31)
at com.saucedemo.utils.ExtentUtils.endReport(ExtentUtils.java:31)
at com.saucedemo.utils.ExtentUtils.endReport(ExtentUtils.java:31)
at com.saucedemo.utils.ExtentUtils.endReport(ExtentUtils.java:31)
at com.saucedemo.utils.ExtentUtils.endReport(ExtentUtils.java:31)
at com.saucedemo.utils.ExtentUtils.endReport(ExtentUtils.java:31)
at com.saucedemo.utils.ExtentUtils.endReport(ExtentUtils.java:31)
at com.saucedemo.utils.ExtentUtils.endReport(ExtentUtils.java:31)
at com.saucedemo.utils.ExtentUtils.endReport(ExtentUtils.java:31)
at com.saucedemo.utils.ExtentUtils.endReport(ExtentUtils.java:31)
at com.saucedemo.utils.ExtentUtils.endReport(ExtentUtils.java:31)
at com.saucedemo.utils.ExtentUtils.endReport(ExtentUtils.java:31)
at com.saucedemo.utils.ExtentUtils.endReport(ExtentUtils.java:31)
at com.saucedemo.utils.ExtentUtils.endReport(ExtentUtils.java:31)
at com.saucedemo.utils.ExtentUtils.endReport(ExtentUtils.java:31)
at com.saucedemo.utils.ExtentUtils.endReport(ExtentUtils.java:31)
at com.saucedemo.utils.ExtentUtils.endReport(ExtentUtils.java:31)
at com.saucedemo.utils.ExtentUtils.endReport(ExtentUtils.java:31)
at com.saucedemo.utils.ExtentUtils.endReport(ExtentUtils.java:31)
at com.saucedemo.utils.ExtentUtils.endReport(ExtentUtils.java:31)
at com.saucedemo.utils.ExtentUtils.endReport(ExtentUtils.java:31)
at com.saucedemo.utils.ExtentUtils.endReport(ExtentUtils.java:31)
at com.saucedemo.utils.ExtentUtils.endReport(ExtentUtils.java:31)
at com.saucedemo.utils.ExtentUtils.endReport(ExtentUtils.java:31)
at com.saucedemo.utils.ExtentUtils.endReport(ExtentUtils.java:31)
at com.saucedemo.utils.ExtentUtils.endReport(ExtentUtils.java:31)
at com.saucedemo.utils.ExtentUtils.endReport(ExtentUtils.java:31)
at com.saucedemo.utils.ExtentUtils.endReport(ExtentUtils.java:31)
at com.saucedemo.utils.ExtentUtils.endReport(ExtentUtils.java:31)
at com.saucedemo.utils.ExtentUtils.endReport(ExtentUtils.java:31)
at com.saucedemo.utils.ExtentUtils.endReport(ExtentUtils.java:31)
at com.saucedemo.utils.ExtentUtils.endReport(ExtentUtils.java:31)
at com.saucedemo.utils.ExtentUtils.endReport(ExtentUtils.java:31)
at com.saucedemo.utils.ExtentUtils.endReport(ExtentUtils.java:31)
at com.saucedemo.utils.ExtentUtils.endReport(ExtentUtils.java:31)
at com.saucedemo.utils.ExtentUtils.endReport(ExtentUtils.java:31)
at com.saucedemo.utils.ExtentUtils.endReport(ExtentUtils.java:31)
at com.saucedemo.utils.ExtentUtils.endReport(ExtentUtils.java:31)
at com.saucedemo.utils.ExtentUtils.endReport(ExtentUtils.java:31)
at com.saucedemo.utils.ExtentUtils.endReport(ExtentUtils.java:31)
at com.saucedemo.utils.ExtentUtils.endReport(ExtentUtils.java:31)
at com.saucedemo.utils.ExtentUtils.endReport(ExtentUtils.java:31)
at com.saucedemo.utils.ExtentUtils.endReport(ExtentUtils.java:31)
at com.saucedemo.utils.ExtentUtils.endReport(ExtentUtils.java:31)
at com.saucedemo.utils.ExtentUtils.endReport(ExtentUtils.java:31)
at com.saucedemo.utils.ExtentUtils.endReport(ExtentUtils.java:31)
at com.saucedemo.utils.ExtentUtils.endReport(ExtentUtils.java:31)
at com.saucedemo.utils.ExtentUtils.endReport(ExtentUtils.java:31)
at com.saucedemo.utils.ExtentUtils.endReport(ExtentUtils.java:31)
at com.saucedemo.utils.ExtentUtils.endReport(ExtentUtils.java:31)
at com.saucedemo.utils.ExtentUtils.endReport(ExtentUtils.java:31)
at com.saucedemo.utils.ExtentUtils.endReport(ExtentUtils.java:31)
at com.saucedemo.utils.ExtentUtils.endReport(ExtentUtils.java:31)
at com.saucedemo.utils.ExtentUtils.endReport(ExtentUtils.java:31)
at com.saucedemo.utils.ExtentUtils.endReport(ExtentUtils.java:31)
at com.saucedemo.utils.ExtentUtils.endReport(ExtentUtils.java:31)
at com.saucedemo.utils.ExtentUtils.endReport(ExtentUtils.java:31)
at com.saucedemo.utils.ExtentUtils.endReport(ExtentUtils.java:31)
at com.saucedemo.utils.ExtentUtils.endReport(ExtentUtils.java:31)
at com.saucedemo.utils.ExtentUtils.endReport(ExtentUtils.java:31)
at com.saucedemo.utils.ExtentUtils.endReport(ExtentUtils.java:31)
at com.saucedemo.utils.ExtentUtils.endReport(ExtentUtils.java:31)
at com.saucedemo.utils.ExtentUtils.endReport(ExtentUtils.java:31)
at com.saucedemo.utils.ExtentUtils.endReport(ExtentUtils.java:31)
at com.saucedemo.utils.ExtentUtils.endReport(ExtentUtils.java:31)
at com.saucedemo.utils.ExtentUtils.endReport(ExtentUtils.java:31)
at com.saucedemo.utils.ExtentUtils.endReport(ExtentUtils.java:31)
at com.saucedemo.utils.ExtentUtils.endReport(ExtentUtils.java:31)
at com.saucedemo.utils.ExtentUtils.endReport(ExtentUtils.java:31)
at com.saucedemo.utils.ExtentUtils.endReport(ExtentUtils.java:31)
at com.saucedemo.utils.ExtentUtils.endReport(ExtentUtils.java:31)
at com.saucedemo.utils.ExtentUtils.endReport(ExtentUtils.java:31)
at com.saucedemo.utils.ExtentUtils.endReport(ExtentUtils.java:31)
at com.saucedemo.utils.ExtentUtils.endReport(ExtentUtils.java:31)
at com.saucedemo.utils.ExtentUtils.endReport(ExtentUtils.java:31)
at com.saucedemo.utils.ExtentUtils.endReport(ExtentUtils.java:31)
at com.saucedemo.utils.ExtentUtils.endReport(ExtentUtils.java:31)
at com.saucedemo.utils.ExtentUtils.endReport(ExtentUtils.java:31)
at com.saucedemo.utils.ExtentUtils.endReport(ExtentUtils.java:31)
at com.saucedemo.utils.ExtentUtils.endReport(ExtentUtils.java:31)
at com.saucedemo.utils.ExtentUtils.endReport(ExtentUtils.java:31)
at com.saucedemo.utils.ExtentUtils.endReport(ExtentUtils.java:31)
at com.saucedemo.utils.ExtentUtils.endReport(ExtentUtils.java:31)
at com.saucedemo.utils.ExtentUtils.endReport(ExtentUtils.java:31)
at com.saucedemo.utils.ExtentUtils.endReport(ExtentUtils.java:31)
at com.saucedemo.utils.ExtentUtils.endReport(ExtentUtils.java:31)
at com.saucedemo.utils.ExtentUtils.endReport(ExtentUtils.java:31)
at com.saucedemo.utils.ExtentUtils.endReport(ExtentUtils.java:31)
at com.saucedemo.utils.ExtentUtils.endReport(ExtentUtils.java:31)
at com.saucedemo.utils.ExtentUtils.endReport(ExtentUtils.java:31)
at com.saucedemo.utils.ExtentUtils.endReport(ExtentUtils.java:31)
at com.saucedemo.utils.ExtentUtils.endReport(ExtentUtils.java:31)
at com.saucedemo.utils.ExtentUtils.endReport(ExtentUtils.java:31)
at com.saucedemo.utils.ExtentUtils.endReport(ExtentUtils.java:31)
at com.saucedemo.utils.ExtentUtils.endReport(ExtentUtils.java:31)
at com.saucedemo.utils.ExtentUtils.endReport(ExtentUtils.java:31)
at com.saucedemo.utils.ExtentUtils.endReport(ExtentUtils.java:31)
at com.saucedemo.utils.ExtentUtils.endReport(ExtentUtils.java:31)
at com.saucedemo.utils.ExtentUtils.endReport(ExtentUtils.java:31)
at com.saucedemo.utils.ExtentUtils.endReport(ExtentUtils.java:31)
at com.saucedemo.utils.ExtentUtils.endReport(ExtentUtils.java:31)
at com.saucedemo.utils.ExtentUtils.endReport(ExtentUtils.java:31)
at com.saucedemo.utils.ExtentUtils.endReport(ExtentUtils.java:31)
at com.saucedemo.utils.ExtentUtils.endReport(ExtentUtils.java:31)
at com.saucedemo.utils.ExtentUtils.endReport(ExtentUtils.java:31)
at com.saucedemo.utils.ExtentUtils.endReport(ExtentUtils.java:31)
at com.saucedemo.utils.ExtentUtils.endReport(ExtentUtils.java:31)
at com.saucedemo.utils.ExtentUtils.endReport(ExtentUtils.java:31)
at com.saucedemo.utils.ExtentUtils.endReport(ExtentUtils.java:31)
at com.saucedemo.utils.ExtentUtils.endReport(ExtentUtils.java:31)
at com.saucedemo.utils.ExtentUtils.endReport(ExtentUtils.java:31)
at com.saucedemo.utils.ExtentUtils.endReport(ExtentUtils.java:31)
at com.saucedemo.utils.ExtentUtils.endReport(ExtentUtils.java:31)
at com.saucedemo.utils.ExtentUtils.endReport(ExtentUtils.java:31)
at com.saucedemo.utils.ExtentUtils.endReport(ExtentUtils.java:31)
at com.saucedemo.utils.ExtentUtils.endReport(ExtentUtils.java:31)
at com.saucedemo.utils.ExtentUtils.endReport(ExtentUtils.java:31)
at com.saucedemo.utils.ExtentUtils.endReport(ExtentUtils.java:31)
at com.saucedemo.utils.ExtentUtils.endReport(ExtentUtils.java:31)
at com.saucedemo.utils.ExtentUtils.endReport(ExtentUtils.java:31)
at com.saucedemo.utils.ExtentUtils.endReport(ExtentUtils.java:31)
at com.saucedemo.utils.ExtentUtils.endReport(ExtentUtils.java:31)
at com.saucedemo.utils.ExtentUtils.endReport(ExtentUtils.java:31)
at com.saucedemo.utils.ExtentUtils.endReport(ExtentUtils.java:31)
at com.saucedemo.utils.ExtentUtils.endReport(ExtentUtils.java:31)
at com.saucedemo.utils.ExtentUtils.endReport(ExtentUtils.java:31)
at com.saucedemo.utils.ExtentUtils.endReport(ExtentUtils.java:31)
at com.saucedemo.utils.ExtentUtils.endReport(ExtentUtils.java:31)
at com.saucedemo.utils.ExtentUtils.endReport(ExtentUtils.java:31)
at com.saucedemo.utils.ExtentUtils.endReport(ExtentUtils.java:31)
at com.saucedemo.utils.ExtentUtils.endReport(ExtentUtils.java:31)
at com.saucedemo.utils.ExtentUtils.endReport(ExtentUtils.java:31)
at com.saucedemo.utils.ExtentUtils.endReport(ExtentUtils.java:31)
at com.saucedemo.utils.ExtentUtils.endReport(ExtentUtils.java:31)
at com.saucedemo.utils.ExtentUtils.endReport(ExtentUtils.java:31)
at com.saucedemo.utils.ExtentUtils.endReport(ExtentUtils.java:31)
at com.saucedemo.utils.ExtentUtils.endReport(ExtentUtils.java:31)
at com.saucedemo.utils.ExtentUtils.endReport(ExtentUtils.java:31)
at com.saucedemo.utils.ExtentUtils.endReport(ExtentUtils.java:31)
at com.saucedemo.utils.ExtentUtils.endReport(ExtentUtils.java:31)
at com.saucedemo.utils.ExtentUtils.endReport(ExtentUtils.java:31)
at com.saucedemo.utils.ExtentUtils.endReport(ExtentUtils.java:31)
at com.saucedemo.utils.ExtentUtils.endReport(ExtentUtils.java:31)
at com.saucedemo.utils.ExtentUtils.endReport(ExtentUtils.java:31)
at com.saucedemo.utils.ExtentUtils.endReport(ExtentUtils.java:31)
at com.saucedemo.utils.ExtentUtils.endReport(ExtentUtils.java:31)
at com.saucedemo.utils.ExtentUtils.endReport(ExtentUtils.java:31)
at com.saucedemo.utils.ExtentUtils.endReport(ExtentUtils.java:31)
at com.saucedemo.utils.ExtentUtils.endReport(ExtentUtils.java:31)
at com.saucedemo.utils.ExtentUtils.endReport(ExtentUtils.java:31)
at com.saucedemo.utils.ExtentUtils.endReport(ExtentUtils.java:31)
at com.saucedemo.utils.ExtentUtils.endReport(ExtentUtils.java:31)
at com.saucedemo.utils.ExtentUtils.endReport(ExtentUtils.java:31)
at com.saucedemo.utils.ExtentUtils.endReport(ExtentUtils.java:31)
at com.saucedemo.utils.ExtentUtils.endReport(ExtentUtils.java:31)
at com.saucedemo.utils.ExtentUtils.endReport(ExtentUtils.java:31)
at com.saucedemo.utils.ExtentUtils.endReport(ExtentUtils.java:31)
at com.saucedemo.utils.ExtentUtils.endReport(ExtentUtils.java:31)
at com.saucedemo.utils.ExtentUtils.endReport(ExtentUtils.java:31)
at com.saucedemo.utils.ExtentUtils.endReport(ExtentUtils.java:31)
at com.saucedemo.utils.ExtentUtils.endReport(ExtentUtils.java:31)
at com.saucedemo.utils.ExtentUtils.endReport(ExtentUtils.java:31)
at com.saucedemo.utils.ExtentUtils.endReport(ExtentUtils.java:31)
at com.saucedemo.utils.ExtentUtils.endReport(ExtentUtils.java:31)
at com.saucedemo.utils.ExtentUtils.endReport(ExtentUtils.java:31)
at com.saucedemo.utils.ExtentUtils.endReport(ExtentUtils.java:31)
at com.saucedemo.utils.ExtentUtils.endReport(ExtentUtils.java:31)
at com.saucedemo.utils.ExtentUtils.endReport(ExtentUtils.java:31)
at com.saucedemo.utils.ExtentUtils.endReport(ExtentUtils.java:31)
at com.saucedemo.utils.ExtentUtils.endReport(ExtentUtils.java:31)
at com.saucedemo.utils.ExtentUtils.endReport(ExtentUtils.java:31)
at com.saucedemo.utils.ExtentUtils.endReport(ExtentUtils.java:31)
at com.saucedemo.utils.ExtentUtils.endReport(ExtentUtils.java:31)
at com.saucedemo.utils.ExtentUtils.endReport(ExtentUtils.java:31)
at com.saucedemo.utils.ExtentUtils.endReport(ExtentUtils.java:31)
at com.saucedemo.utils.ExtentUtils.endReport(ExtentUtils.java:31)
at com.saucedemo.utils.ExtentUtils.endReport(ExtentUtils.java:31)
at com.saucedemo.utils.ExtentUtils.endReport(ExtentUtils.java:31)
at com.saucedemo.utils.ExtentUtils.endReport(ExtentUtils.java:31)
at com.saucedemo.utils.ExtentUtils.endReport(ExtentUtils.java:31)
at com.saucedemo.utils.ExtentUtils.endReport(ExtentUtils.java:31)
at com.saucedemo.utils.ExtentUtils.endReport(ExtentUtils.java:31)
at com.saucedemo.utils.ExtentUtils.endReport(ExtentUtils.java:31)
at com.saucedemo.utils.ExtentUtils.endReport(ExtentUtils.java:31)
at com.saucedemo.utils.ExtentUtils.endReport(ExtentUtils.java:31)
at com.saucedemo.utils.ExtentUtils.endReport(ExtentUtils.java:31)
at com.saucedemo.utils.ExtentUtils.endReport(ExtentUtils.java:31)
at com.saucedemo.utils.ExtentUtils.endReport(ExtentUtils.java:31)
at com.saucedemo.utils.ExtentUtils.endReport(ExtentUtils.java:31)
at com.saucedemo.utils.ExtentUtils.endReport(ExtentUtils.java:31)
at com.saucedemo.utils.ExtentUtils.endReport(ExtentUtils.java:31)
at com.saucedemo.utils.ExtentUtils.endReport(ExtentUtils.java:31)
at com.saucedemo.utils.ExtentUtils.endReport(ExtentUtils.java:31)
at com.saucedemo.utils.ExtentUtils.endReport(ExtentUtils.java:31)
at com.saucedemo.utils.ExtentUtils.endReport(ExtentUtils.java:31)
at com.saucedemo.utils.ExtentUtils.endReport(ExtentUtils.java:31)
at com.saucedemo.utils.ExtentUtils.endReport(ExtentUtils.java:31)
at com.saucedemo.utils.ExtentUtils.endReport(ExtentUtils.java:31)
at com.saucedemo.utils.ExtentUtils.endReport(ExtentUtils.java:31)
at com.saucedemo.utils.ExtentUtils.endReport(ExtentUtils.java:31)
at com.saucedemo.utils.ExtentUtils.endReport(ExtentUtils.java:31)
at com.saucedemo.utils.ExtentUtils.endReport(ExtentUtils.java:31)
at com.saucedemo.utils.ExtentUtils.endReport(ExtentUtils.java:31)
at com.saucedemo.utils.ExtentUtils.endReport(ExtentUtils.java:31)
at com.saucedemo.utils.ExtentUtils.endReport(ExtentUtils.java:31)
at com.saucedemo.utils.ExtentUtils.endReport(ExtentUtils.java:31)
at com.saucedemo.utils.ExtentUtils.endReport(ExtentUtils.java:31)
at com.saucedemo.utils.ExtentUtils.endReport(ExtentUtils.java:31)
at com.saucedemo.utils.ExtentUtils.endReport(ExtentUtils.java:31)
at com.saucedemo.utils.ExtentUtils.endReport(ExtentUtils.java:31)
at com.saucedemo.utils.ExtentUtils.endReport(ExtentUtils.java:31)
at com.saucedemo.utils.ExtentUtils.endReport(ExtentUtils.java:31)
at com.saucedemo.utils.ExtentUtils.endReport(ExtentUtils.java:31)
at com.saucedemo.utils.ExtentUtils.endReport(ExtentUtils.java:31)
at com.saucedemo.utils.ExtentUtils.endReport(ExtentUtils.java:31)
at com.saucedemo.utils.ExtentUtils.endReport(ExtentUtils.java:31)
at com.saucedemo.utils.ExtentUtils.endReport(ExtentUtils.java:31)
at com.saucedemo.utils.ExtentUtils.endReport(ExtentUtils.java:31)
at com.saucedemo.utils.ExtentUtils.endReport(ExtentUtils.java:31)
at com.saucedemo.utils.ExtentUtils.endReport(ExtentUtils.java:31)
at com.saucedemo.utils.ExtentUtils.endReport(ExtentUtils.java:31)
at com.saucedemo.utils.ExtentUtils.endReport(ExtentUtils.java:31)
at com.saucedemo.utils.ExtentUtils.endReport(ExtentUtils.java:31)
at com.saucedemo.utils.ExtentUtils.endReport(ExtentUtils.java:31)
at com.saucedemo.utils.ExtentUtils.endReport(ExtentUtils.java:31)
at com.saucedemo.utils.ExtentUtils.endReport(ExtentUtils.java:31)
at com.saucedemo.utils.ExtentUtils.endReport(ExtentUtils.java:31)
at com.saucedemo.utils.ExtentUtils.endReport(ExtentUtils.java:31)
at com.saucedemo.utils.ExtentUtils.endReport(ExtentUtils.java:31)
at com.saucedemo.utils.ExtentUtils.endReport(ExtentUtils.java:31)
at com.saucedemo.utils.ExtentUtils.endReport(ExtentUtils.java:31)
at com.saucedemo.utils.ExtentUtils.endReport(ExtentUtils.java:31)
at com.saucedemo.utils.ExtentUtils.endReport(ExtentUtils.java:31)
at com.saucedemo.utils.ExtentUtils.endReport(ExtentUtils.java:31)
at com.saucedemo.utils.ExtentUtils.endReport(ExtentUtils.java:31)
at com.saucedemo.utils.ExtentUtils.endReport(ExtentUtils.java:31)
at com.saucedemo.utils.ExtentUtils.endReport(ExtentUtils.java:31)
at com.saucedemo.utils.ExtentUtils.endReport(ExtentUtils.java:31)
at com.saucedemo.utils.ExtentUtils.endReport(ExtentUtils.java:31)
]]>
    </error>
  </testcase> <!-- tearDown -->
  <system-out/>
  <testcase classname="com.saucedemo.tests.endtoend.TestAddtToCartAndOrderCreation" name="OrderCreationTest2" time="0.000">
    <skipped/>
  </testcase> <!-- OrderCreationTest2 -->
  <system-out/>
</testsuite> <!-- com.saucedemo.tests.endtoend.TestAddtToCartAndOrderCreation -->
