<?xml version="1.0" encoding="UTF-8"?>
<!-- Generated by org.testng.reporters.JUnitReportReporter -->
<testsuite hostname="Rakesh" failures="0" tests="2" name="com.saucedemo.tests.endtoend.OrderDispatchedTest" time="2.800" errors="1" timestamp="2023-09-14T18:29:31 IST" skipped="0">
  <testcase classname="com.saucedemo.tests.endtoend.OrderDispatchedTest" name="OrderDispatchedJourney" time="2.790"/>
  <system-out/>
  <testcase classname="com.saucedemo.tests.endtoend.OrderDispatchedTest" name="tearDown" time="0.010">
    <error type="java.lang.StackOverflowError">
      <![CDATA[java.lang.StackOverflowError
at com.saucedemo.utils.ExtentUtils.endReport(ExtentUtils.java:31)
at com.saucedemo.utils.ExtentUtils.endReport(ExtentUtils.java:31)
at com.saucedemo.utils.ExtentUtils.endReport(ExtentUtils.java:31)
at com.saucedemo.utils.ExtentUtils.endReport(ExtentUtils.java:31)
at com.saucedemo.utils.ExtentUtils.endReport(ExtentUtils.java:31)
at com.saucedemo.utils.ExtentUtils.endReport(ExtentUtils.java:31)
at com.saucedemo.utils.ExtentUtils.endReport(ExtentUtils.java:31)
at com.saucedemo.utils.ExtentUtils.endReport(ExtentUtils.java:31)
at com.saucedemo.utils.ExtentUtils.endReport(ExtentUtils.java:31)
at com.saucedemo.utils.ExtentUtils.endReport(ExtentUtils.java:31)
at com.saucedemo.utils.ExtentUtils.endReport(ExtentUtils.java:31)
at com.saucedemo.utils.ExtentUtils.endReport(ExtentUtils.java:31)
at com.saucedemo.utils.ExtentUtils.endReport(ExtentUtils.java:31)
at com.saucedemo.utils.ExtentUtils.endReport(ExtentUtils.java:31)
at com.saucedemo.utils.ExtentUtils.endReport(ExtentUtils.java:31)
at com.saucedemo.utils.ExtentUtils.endReport(ExtentUtils.java:31)
at com.saucedemo.utils.ExtentUtils.endReport(ExtentUtils.java:31)
at com.saucedemo.utils.ExtentUtils.endReport(ExtentUtils.java:31)
at com.saucedemo.utils.ExtentUtils.endReport(ExtentUtils.java:31)
at com.saucedemo.utils.ExtentUtils.endReport(ExtentUtils.java:31)
at com.saucedemo.utils.ExtentUtils.endReport(ExtentUtils.java:31)
at com.saucedemo.utils.ExtentUtils.endReport(ExtentUtils.java:31)
at com.saucedemo.utils.ExtentUtils.endReport(ExtentUtils.java:31)
at com.saucedemo.utils.ExtentUtils.endReport(ExtentUtils.java:31)
at com.saucedemo.utils.ExtentUtils.endReport(ExtentUtils.java:31)
at com.saucedemo.utils.ExtentUtils.endReport(ExtentUtils.java:31)
at com.saucedemo.utils.ExtentUtils.endReport(ExtentUtils.java:31)
at com.saucedemo.utils.ExtentUtils.endReport(ExtentUtils.java:31)
at com.saucedemo.utils.ExtentUtils.endReport(ExtentUtils.java:31)
at com.saucedemo.utils.ExtentUtils.endReport(ExtentUtils.java:31)
at com.saucedemo.utils.ExtentUtils.endReport(ExtentUtils.java:31)
at com.saucedemo.utils.ExtentUtils.endReport(ExtentUtils.java:31)
at com.saucedemo.utils.ExtentUtils.endReport(ExtentUtils.java:31)
at com.saucedemo.utils.ExtentUtils.endReport(ExtentUtils.java:31)
at com.saucedemo.utils.ExtentUtils.endReport(ExtentUtils.java:31)
at com.saucedemo.utils.ExtentUtils.endReport(ExtentUtils.java:31)
at com.saucedemo.utils.ExtentUtils.endReport(ExtentUtils.java:31)
at com.saucedemo.utils.ExtentUtils.endReport(ExtentUtils.java:31)
at com.saucedemo.utils.ExtentUtils.endReport(ExtentUtils.java:31)
at com.saucedemo.utils.ExtentUtils.endReport(ExtentUtils.java:31)
at com.saucedemo.utils.ExtentUtils.endReport(ExtentUtils.java:31)
at com.saucedemo.utils.ExtentUtils.endReport(ExtentUtils.java:31)
at com.saucedemo.utils.ExtentUtils.endReport(ExtentUtils.java:31)
at com.saucedemo.utils.ExtentUtils.endReport(ExtentUtils.java:31)
at com.saucedemo.utils.ExtentUtils.endReport(ExtentUtils.java:31)
at com.saucedemo.utils.ExtentUtils.endReport(ExtentUtils.java:31)
at com.saucedemo.utils.ExtentUtils.endReport(ExtentUtils.java:31)
at com.saucedemo.utils.ExtentUtils.endReport(ExtentUtils.java:31)
at com.saucedemo.utils.ExtentUtils.endReport(ExtentUtils.java:31)
at com.saucedemo.utils.ExtentUtils.endReport(ExtentUtils.java:31)
at com.saucedemo.utils.ExtentUtils.endReport(ExtentUtils.java:31)
at com.saucedemo.utils.ExtentUtils.endReport(ExtentUtils.java:31)
at com.saucedemo.utils.ExtentUtils.endReport(ExtentUtils.java:31)
at com.saucedemo.utils.ExtentUtils.endReport(ExtentUtils.java:31)
at com.saucedemo.utils.ExtentUtils.endReport(ExtentUtils.java:31)
at com.saucedemo.utils.ExtentUtils.endReport(ExtentUtils.java:31)
at com.saucedemo.utils.ExtentUtils.endReport(ExtentUtils.java:31)
at com.saucedemo.utils.ExtentUtils.endReport(ExtentUtils.java:31)
at com.saucedemo.utils.ExtentUtils.endReport(ExtentUtils.java:31)
at com.saucedemo.utils.ExtentUtils.endReport(ExtentUtils.java:31)
at com.saucedemo.utils.ExtentUtils.endReport(ExtentUtils.java:31)
at com.saucedemo.utils.ExtentUtils.endReport(ExtentUtils.java:31)
at com.saucedemo.utils.ExtentUtils.endReport(ExtentUtils.java:31)
at com.saucedemo.utils.ExtentUtils.endReport(ExtentUtils.java:31)
at com.saucedemo.utils.ExtentUtils.endReport(ExtentUtils.java:31)
at com.saucedemo.utils.ExtentUtils.endReport(ExtentUtils.java:31)
at com.saucedemo.utils.ExtentUtils.endReport(ExtentUtils.java:31)
at com.saucedemo.utils.ExtentUtils.endReport(ExtentUtils.java:31)
at com.saucedemo.utils.ExtentUtils.endReport(ExtentUtils.java:31)
at com.saucedemo.utils.ExtentUtils.endReport(ExtentUtils.java:31)
at com.saucedemo.utils.ExtentUtils.endReport(ExtentUtils.java:31)
at com.saucedemo.utils.ExtentUtils.endReport(ExtentUtils.java:31)
at com.saucedemo.utils.ExtentUtils.endReport(ExtentUtils.java:31)
at com.saucedemo.utils.ExtentUtils.endReport(ExtentUtils.java:31)
at com.saucedemo.utils.ExtentUtils.endReport(ExtentUtils.java:31)
at com.saucedemo.utils.ExtentUtils.endReport(ExtentUtils.java:31)
at com.saucedemo.utils.ExtentUtils.endReport(ExtentUtils.java:31)
at com.saucedemo.utils.ExtentUtils.endReport(ExtentUtils.java:31)
at com.saucedemo.utils.ExtentUtils.endReport(ExtentUtils.java:31)
at com.saucedemo.utils.ExtentUtils.endReport(ExtentUtils.java:31)
at com.saucedemo.utils.ExtentUtils.endReport(ExtentUtils.java:31)
at com.saucedemo.utils.ExtentUtils.endReport(ExtentUtils.java:31)
at com.saucedemo.utils.ExtentUtils.endReport(ExtentUtils.java:31)
at com.saucedemo.utils.ExtentUtils.endReport(ExtentUtils.java:31)
at com.saucedemo.utils.ExtentUtils.endReport(ExtentUtils.java:31)
at com.saucedemo.utils.ExtentUtils.endReport(ExtentUtils.java:31)
at com.saucedemo.utils.ExtentUtils.endReport(ExtentUtils.java:31)
at com.saucedemo.utils.ExtentUtils.endReport(ExtentUtils.java:31)
at com.saucedemo.utils.ExtentUtils.endReport(ExtentUtils.java:31)
at com.saucedemo.utils.ExtentUtils.endReport(ExtentUtils.java:31)
at com.saucedemo.utils.ExtentUtils.endReport(ExtentUtils.java:31)
at com.saucedemo.utils.ExtentUtils.endReport(ExtentUtils.java:31)
at com.saucedemo.utils.ExtentUtils.endReport(ExtentUtils.java:31)
at com.saucedemo.utils.ExtentUtils.endReport(ExtentUtils.java:31)
at com.saucedemo.utils.ExtentUtils.endReport(ExtentUtils.java:31)
at com.saucedemo.utils.ExtentUtils.endReport(ExtentUtils.java:31)
at com.saucedemo.utils.ExtentUtils.endReport(ExtentUtils.java:31)
at com.saucedemo.utils.ExtentUtils.endReport(ExtentUtils.java:31)
at com.saucedemo.utils.ExtentUtils.endReport(ExtentUtils.java:31)
at com.saucedemo.utils.ExtentUtils.endReport(ExtentUtils.java:31)
at com.saucedemo.utils.ExtentUtils.endReport(ExtentUtils.java:31)
at com.saucedemo.utils.ExtentUtils.endReport(ExtentUtils.java:31)
at com.saucedemo.utils.ExtentUtils.endReport(ExtentUtils.java:31)
at com.saucedemo.utils.ExtentUtils.endReport(ExtentUtils.java:31)
at com.saucedemo.utils.ExtentUtils.endReport(ExtentUtils.java:31)
at com.saucedemo.utils.ExtentUtils.endReport(ExtentUtils.java:31)
at com.saucedemo.utils.ExtentUtils.endReport(ExtentUtils.java:31)
at com.saucedemo.utils.ExtentUtils.endReport(ExtentUtils.java:31)
at com.saucedemo.utils.ExtentUtils.endReport(ExtentUtils.java:31)
at com.saucedemo.utils.ExtentUtils.endReport(ExtentUtils.java:31)
at com.saucedemo.utils.ExtentUtils.endReport(ExtentUtils.java:31)
at com.saucedemo.utils.ExtentUtils.endReport(ExtentUtils.java:31)
at com.saucedemo.utils.ExtentUtils.endReport(ExtentUtils.java:31)
at com.saucedemo.utils.ExtentUtils.endReport(ExtentUtils.java:31)
at com.saucedemo.utils.ExtentUtils.endReport(ExtentUtils.java:31)
at com.saucedemo.utils.ExtentUtils.endReport(ExtentUtils.java:31)
at com.saucedemo.utils.ExtentUtils.endReport(ExtentUtils.java:31)
at com.saucedemo.utils.ExtentUtils.endReport(ExtentUtils.java:31)
at com.saucedemo.utils.ExtentUtils.endReport(ExtentUtils.java:31)
at com.saucedemo.utils.ExtentUtils.endReport(ExtentUtils.java:31)
at com.saucedemo.utils.ExtentUtils.endReport(ExtentUtils.java:31)
at com.saucedemo.utils.ExtentUtils.endReport(ExtentUtils.java:31)
at com.saucedemo.utils.ExtentUtils.endReport(ExtentUtils.java:31)
at com.saucedemo.utils.ExtentUtils.endReport(ExtentUtils.java:31)
at com.saucedemo.utils.ExtentUtils.endReport(ExtentUtils.java:31)
at com.saucedemo.utils.ExtentUtils.endReport(ExtentUtils.java:31)
at com.saucedemo.utils.ExtentUtils.endReport(ExtentUtils.java:31)
at com.saucedemo.utils.ExtentUtils.endReport(ExtentUtils.java:31)
at com.saucedemo.utils.ExtentUtils.endReport(ExtentUtils.java:31)
at com.saucedemo.utils.ExtentUtils.endReport(ExtentUtils.java:31)
at com.saucedemo.utils.ExtentUtils.endReport(ExtentUtils.java:31)
at com.saucedemo.utils.ExtentUtils.endReport(ExtentUtils.java:31)
at com.saucedemo.utils.ExtentUtils.endReport(ExtentUtils.java:31)
at com.saucedemo.utils.ExtentUtils.endReport(ExtentUtils.java:31)
at com.saucedemo.utils.ExtentUtils.endReport(ExtentUtils.java:31)
at com.saucedemo.utils.ExtentUtils.endReport(ExtentUtils.java:31)
at com.saucedemo.utils.ExtentUtils.endReport(ExtentUtils.java:31)
at com.saucedemo.utils.ExtentUtils.endReport(ExtentUtils.java:31)
at com.saucedemo.utils.ExtentUtils.endReport(ExtentUtils.java:31)
at com.saucedemo.utils.ExtentUtils.endReport(ExtentUtils.java:31)
at com.saucedemo.utils.ExtentUtils.endReport(ExtentUtils.java:31)
at com.saucedemo.utils.ExtentUtils.endReport(ExtentUtils.java:31)
at com.saucedemo.utils.ExtentUtils.endReport(ExtentUtils.java:31)
at com.saucedemo.utils.ExtentUtils.endReport(ExtentUtils.java:31)
at com.saucedemo.utils.ExtentUtils.endReport(ExtentUtils.java:31)
at com.saucedemo.utils.ExtentUtils.endReport(ExtentUtils.java:31)
at com.saucedemo.utils.ExtentUtils.endReport(ExtentUtils.java:31)
at com.saucedemo.utils.ExtentUtils.endReport(ExtentUtils.java:31)
at com.saucedemo.utils.ExtentUtils.endReport(ExtentUtils.java:31)
at com.saucedemo.utils.ExtentUtils.endReport(ExtentUtils.java:31)
at com.saucedemo.utils.ExtentUtils.endReport(ExtentUtils.java:31)
at com.saucedemo.utils.ExtentUtils.endReport(ExtentUtils.java:31)
at com.saucedemo.utils.ExtentUtils.endReport(ExtentUtils.java:31)
at com.saucedemo.utils.ExtentUtils.endReport(ExtentUtils.java:31)
at com.saucedemo.utils.ExtentUtils.endReport(ExtentUtils.java:31)
at com.saucedemo.utils.ExtentUtils.endReport(ExtentUtils.java:31)
at com.saucedemo.utils.ExtentUtils.endReport(ExtentUtils.java:31)
at com.saucedemo.utils.ExtentUtils.endReport(ExtentUtils.java:31)
at com.saucedemo.utils.ExtentUtils.endReport(ExtentUtils.java:31)
at com.saucedemo.utils.ExtentUtils.endReport(ExtentUtils.java:31)
at com.saucedemo.utils.ExtentUtils.endReport(ExtentUtils.java:31)
at com.saucedemo.utils.ExtentUtils.endReport(ExtentUtils.java:31)
at com.saucedemo.utils.ExtentUtils.endReport(ExtentUtils.java:31)
at com.saucedemo.utils.ExtentUtils.endReport(ExtentUtils.java:31)
at com.saucedemo.utils.ExtentUtils.endReport(ExtentUtils.java:31)
at com.saucedemo.utils.ExtentUtils.endReport(ExtentUtils.java:31)
at com.saucedemo.utils.ExtentUtils.endReport(ExtentUtils.java:31)
at com.saucedemo.utils.ExtentUtils.endReport(ExtentUtils.java:31)
at com.saucedemo.utils.ExtentUtils.endReport(ExtentUtils.java:31)
at com.saucedemo.utils.ExtentUtils.endReport(ExtentUtils.java:31)
at com.saucedemo.utils.ExtentUtils.endReport(ExtentUtils.java:31)
at com.saucedemo.utils.ExtentUtils.endReport(ExtentUtils.java:31)
at com.saucedemo.utils.ExtentUtils.endReport(ExtentUtils.java:31)
at com.saucedemo.utils.ExtentUtils.endReport(ExtentUtils.java:31)
at com.saucedemo.utils.ExtentUtils.endReport(ExtentUtils.java:31)
at com.saucedemo.utils.ExtentUtils.endReport(ExtentUtils.java:31)
at com.saucedemo.utils.ExtentUtils.endReport(ExtentUtils.java:31)
at com.saucedemo.utils.ExtentUtils.endReport(ExtentUtils.java:31)
at com.saucedemo.utils.ExtentUtils.endReport(ExtentUtils.java:31)
at com.saucedemo.utils.ExtentUtils.endReport(ExtentUtils.java:31)
at com.saucedemo.utils.ExtentUtils.endReport(ExtentUtils.java:31)
at com.saucedemo.utils.ExtentUtils.endReport(ExtentUtils.java:31)
at com.saucedemo.utils.ExtentUtils.endReport(ExtentUtils.java:31)
at com.saucedemo.utils.ExtentUtils.endReport(ExtentUtils.java:31)
at com.saucedemo.utils.ExtentUtils.endReport(ExtentUtils.java:31)
at com.saucedemo.utils.ExtentUtils.endReport(ExtentUtils.java:31)
at com.saucedemo.utils.ExtentUtils.endReport(ExtentUtils.java:31)
at com.saucedemo.utils.ExtentUtils.endReport(ExtentUtils.java:31)
at com.saucedemo.utils.ExtentUtils.endReport(ExtentUtils.java:31)
at com.saucedemo.utils.ExtentUtils.endReport(ExtentUtils.java:31)
at com.saucedemo.utils.ExtentUtils.endReport(ExtentUtils.java:31)
at com.saucedemo.utils.ExtentUtils.endReport(ExtentUtils.java:31)
at com.saucedemo.utils.ExtentUtils.endReport(ExtentUtils.java:31)
at com.saucedemo.utils.ExtentUtils.endReport(ExtentUtils.java:31)
at com.saucedemo.utils.ExtentUtils.endReport(ExtentUtils.java:31)
at com.saucedemo.utils.ExtentUtils.endReport(ExtentUtils.java:31)
at com.saucedemo.utils.ExtentUtils.endReport(ExtentUtils.java:31)
at com.saucedemo.utils.ExtentUtils.endReport(ExtentUtils.java:31)
at com.saucedemo.utils.ExtentUtils.endReport(ExtentUtils.java:31)
at com.saucedemo.utils.ExtentUtils.endReport(ExtentUtils.java:31)
at com.saucedemo.utils.ExtentUtils.endReport(ExtentUtils.java:31)
at com.saucedemo.utils.ExtentUtils.endReport(ExtentUtils.java:31)
at com.saucedemo.utils.ExtentUtils.endReport(ExtentUtils.java:31)
at com.saucedemo.utils.ExtentUtils.endReport(ExtentUtils.java:31)
at com.saucedemo.utils.ExtentUtils.endReport(ExtentUtils.java:31)
at com.saucedemo.utils.ExtentUtils.endReport(ExtentUtils.java:31)
at com.saucedemo.utils.ExtentUtils.endReport(ExtentUtils.java:31)
at com.saucedemo.utils.ExtentUtils.endReport(ExtentUtils.java:31)
at com.saucedemo.utils.ExtentUtils.endReport(ExtentUtils.java:31)
at com.saucedemo.utils.ExtentUtils.endReport(ExtentUtils.java:31)
at com.saucedemo.utils.ExtentUtils.endReport(ExtentUtils.java:31)
at com.saucedemo.utils.ExtentUtils.endReport(ExtentUtils.java:31)
at com.saucedemo.utils.ExtentUtils.endReport(ExtentUtils.java:31)
at com.saucedemo.utils.ExtentUtils.endReport(ExtentUtils.java:31)
at com.saucedemo.utils.ExtentUtils.endReport(ExtentUtils.java:31)
at com.saucedemo.utils.ExtentUtils.endReport(ExtentUtils.java:31)
at com.saucedemo.utils.ExtentUtils.endReport(ExtentUtils.java:31)
at com.saucedemo.utils.ExtentUtils.endReport(ExtentUtils.java:31)
at com.saucedemo.utils.ExtentUtils.endReport(ExtentUtils.java:31)
at com.saucedemo.utils.ExtentUtils.endReport(ExtentUtils.java:31)
at com.saucedemo.utils.ExtentUtils.endReport(ExtentUtils.java:31)
at com.saucedemo.utils.ExtentUtils.endReport(ExtentUtils.java:31)
at com.saucedemo.utils.ExtentUtils.endReport(ExtentUtils.java:31)
at com.saucedemo.utils.ExtentUtils.endReport(ExtentUtils.java:31)
at com.saucedemo.utils.ExtentUtils.endReport(ExtentUtils.java:31)
at com.saucedemo.utils.ExtentUtils.endReport(ExtentUtils.java:31)
at com.saucedemo.utils.ExtentUtils.endReport(ExtentUtils.java:31)
at com.saucedemo.utils.ExtentUtils.endReport(ExtentUtils.java:31)
at com.saucedemo.utils.ExtentUtils.endReport(ExtentUtils.java:31)
at com.saucedemo.utils.ExtentUtils.endReport(ExtentUtils.java:31)
at com.saucedemo.utils.ExtentUtils.endReport(ExtentUtils.java:31)
at com.saucedemo.utils.ExtentUtils.endReport(ExtentUtils.java:31)
at com.saucedemo.utils.ExtentUtils.endReport(ExtentUtils.java:31)
at com.saucedemo.utils.ExtentUtils.endReport(ExtentUtils.java:31)
at com.saucedemo.utils.ExtentUtils.endReport(ExtentUtils.java:31)
at com.saucedemo.utils.ExtentUtils.endReport(ExtentUtils.java:31)
at com.saucedemo.utils.ExtentUtils.endReport(ExtentUtils.java:31)
at com.saucedemo.utils.ExtentUtils.endReport(ExtentUtils.java:31)
at com.saucedemo.utils.ExtentUtils.endReport(ExtentUtils.java:31)
at com.saucedemo.utils.ExtentUtils.endReport(ExtentUtils.java:31)
at com.saucedemo.utils.ExtentUtils.endReport(ExtentUtils.java:31)
at com.saucedemo.utils.ExtentUtils.endReport(ExtentUtils.java:31)
at com.saucedemo.utils.ExtentUtils.endReport(ExtentUtils.java:31)
at com.saucedemo.utils.ExtentUtils.endReport(ExtentUtils.java:31)
at com.saucedemo.utils.ExtentUtils.endReport(ExtentUtils.java:31)
at com.saucedemo.utils.ExtentUtils.endReport(ExtentUtils.java:31)
at com.saucedemo.utils.ExtentUtils.endReport(ExtentUtils.java:31)
at com.saucedemo.utils.ExtentUtils.endReport(ExtentUtils.java:31)
at com.saucedemo.utils.ExtentUtils.endReport(ExtentUtils.java:31)
at com.saucedemo.utils.ExtentUtils.endReport(ExtentUtils.java:31)
at com.saucedemo.utils.ExtentUtils.endReport(ExtentUtils.java:31)
at com.saucedemo.utils.ExtentUtils.endReport(ExtentUtils.java:31)
at com.saucedemo.utils.ExtentUtils.endReport(ExtentUtils.java:31)
at com.saucedemo.utils.ExtentUtils.endReport(ExtentUtils.java:31)
at com.saucedemo.utils.ExtentUtils.endReport(ExtentUtils.java:31)
at com.saucedemo.utils.ExtentUtils.endReport(ExtentUtils.java:31)
at com.saucedemo.utils.ExtentUtils.endReport(ExtentUtils.java:31)
at com.saucedemo.utils.ExtentUtils.endReport(ExtentUtils.java:31)
at com.saucedemo.utils.ExtentUtils.endReport(ExtentUtils.java:31)
at com.saucedemo.utils.ExtentUtils.endReport(ExtentUtils.java:31)
at com.saucedemo.utils.ExtentUtils.endReport(ExtentUtils.java:31)
at com.saucedemo.utils.ExtentUtils.endReport(ExtentUtils.java:31)
at com.saucedemo.utils.ExtentUtils.endReport(ExtentUtils.java:31)
at com.saucedemo.utils.ExtentUtils.endReport(ExtentUtils.java:31)
at com.saucedemo.utils.ExtentUtils.endReport(ExtentUtils.java:31)
at com.saucedemo.utils.ExtentUtils.endReport(ExtentUtils.java:31)
at com.saucedemo.utils.ExtentUtils.endReport(ExtentUtils.java:31)
at com.saucedemo.utils.ExtentUtils.endReport(ExtentUtils.java:31)
at com.saucedemo.utils.ExtentUtils.endReport(ExtentUtils.java:31)
at com.saucedemo.utils.ExtentUtils.endReport(ExtentUtils.java:31)
at com.saucedemo.utils.ExtentUtils.endReport(ExtentUtils.java:31)
at com.saucedemo.utils.ExtentUtils.endReport(ExtentUtils.java:31)
at com.saucedemo.utils.ExtentUtils.endReport(ExtentUtils.java:31)
at com.saucedemo.utils.ExtentUtils.endReport(ExtentUtils.java:31)
at com.saucedemo.utils.ExtentUtils.endReport(ExtentUtils.java:31)
at com.saucedemo.utils.ExtentUtils.endReport(ExtentUtils.java:31)
at com.saucedemo.utils.ExtentUtils.endReport(ExtentUtils.java:31)
at com.saucedemo.utils.ExtentUtils.endReport(ExtentUtils.java:31)
at com.saucedemo.utils.ExtentUtils.endReport(ExtentUtils.java:31)
at com.saucedemo.utils.ExtentUtils.endReport(ExtentUtils.java:31)
at com.saucedemo.utils.ExtentUtils.endReport(ExtentUtils.java:31)
at com.saucedemo.utils.ExtentUtils.endReport(ExtentUtils.java:31)
at com.saucedemo.utils.ExtentUtils.endReport(ExtentUtils.java:31)
at com.saucedemo.utils.ExtentUtils.endReport(ExtentUtils.java:31)
at com.saucedemo.utils.ExtentUtils.endReport(ExtentUtils.java:31)
at com.saucedemo.utils.ExtentUtils.endReport(ExtentUtils.java:31)
at com.saucedemo.utils.ExtentUtils.endReport(ExtentUtils.java:31)
at com.saucedemo.utils.ExtentUtils.endReport(ExtentUtils.java:31)
at com.saucedemo.utils.ExtentUtils.endReport(ExtentUtils.java:31)
at com.saucedemo.utils.ExtentUtils.endReport(ExtentUtils.java:31)
at com.saucedemo.utils.ExtentUtils.endReport(ExtentUtils.java:31)
at com.saucedemo.utils.ExtentUtils.endReport(ExtentUtils.java:31)
at com.saucedemo.utils.ExtentUtils.endReport(ExtentUtils.java:31)
at com.saucedemo.utils.ExtentUtils.endReport(ExtentUtils.java:31)
at com.saucedemo.utils.ExtentUtils.endReport(ExtentUtils.java:31)
at com.saucedemo.utils.ExtentUtils.endReport(ExtentUtils.java:31)
at com.saucedemo.utils.ExtentUtils.endReport(ExtentUtils.java:31)
at com.saucedemo.utils.ExtentUtils.endReport(ExtentUtils.java:31)
at com.saucedemo.utils.ExtentUtils.endReport(ExtentUtils.java:31)
at com.saucedemo.utils.ExtentUtils.endReport(ExtentUtils.java:31)
at com.saucedemo.utils.ExtentUtils.endReport(ExtentUtils.java:31)
at com.saucedemo.utils.ExtentUtils.endReport(ExtentUtils.java:31)
at com.saucedemo.utils.ExtentUtils.endReport(ExtentUtils.java:31)
at com.saucedemo.utils.ExtentUtils.endReport(ExtentUtils.java:31)
at com.saucedemo.utils.ExtentUtils.endReport(ExtentUtils.java:31)
at com.saucedemo.utils.ExtentUtils.endReport(ExtentUtils.java:31)
at com.saucedemo.utils.ExtentUtils.endReport(ExtentUtils.java:31)
at com.saucedemo.utils.ExtentUtils.endReport(ExtentUtils.java:31)
at com.saucedemo.utils.ExtentUtils.endReport(ExtentUtils.java:31)
at com.saucedemo.utils.ExtentUtils.endReport(ExtentUtils.java:31)
at com.saucedemo.utils.ExtentUtils.endReport(ExtentUtils.java:31)
at com.saucedemo.utils.ExtentUtils.endReport(ExtentUtils.java:31)
at com.saucedemo.utils.ExtentUtils.endReport(ExtentUtils.java:31)
at com.saucedemo.utils.ExtentUtils.endReport(ExtentUtils.java:31)
at com.saucedemo.utils.ExtentUtils.endReport(ExtentUtils.java:31)
at com.saucedemo.utils.ExtentUtils.endReport(ExtentUtils.java:31)
at com.saucedemo.utils.ExtentUtils.endReport(ExtentUtils.java:31)
at com.saucedemo.utils.ExtentUtils.endReport(ExtentUtils.java:31)
at com.saucedemo.utils.ExtentUtils.endReport(ExtentUtils.java:31)
at com.saucedemo.utils.ExtentUtils.endReport(ExtentUtils.java:31)
at com.saucedemo.utils.ExtentUtils.endReport(ExtentUtils.java:31)
at com.saucedemo.utils.ExtentUtils.endReport(ExtentUtils.java:31)
at com.saucedemo.utils.ExtentUtils.endReport(ExtentUtils.java:31)
at com.saucedemo.utils.ExtentUtils.endReport(ExtentUtils.java:31)
at com.saucedemo.utils.ExtentUtils.endReport(ExtentUtils.java:31)
at com.saucedemo.utils.ExtentUtils.endReport(ExtentUtils.java:31)
at com.saucedemo.utils.ExtentUtils.endReport(ExtentUtils.java:31)
at com.saucedemo.utils.ExtentUtils.endReport(ExtentUtils.java:31)
at com.saucedemo.utils.ExtentUtils.endReport(ExtentUtils.java:31)
at com.saucedemo.utils.ExtentUtils.endReport(ExtentUtils.java:31)
at com.saucedemo.utils.ExtentUtils.endReport(ExtentUtils.java:31)
at com.saucedemo.utils.ExtentUtils.endReport(ExtentUtils.java:31)
at com.saucedemo.utils.ExtentUtils.endReport(ExtentUtils.java:31)
at com.saucedemo.utils.ExtentUtils.endReport(ExtentUtils.java:31)
at com.saucedemo.utils.ExtentUtils.endReport(ExtentUtils.java:31)
at com.saucedemo.utils.ExtentUtils.endReport(ExtentUtils.java:31)
at com.saucedemo.utils.ExtentUtils.endReport(ExtentUtils.java:31)
at com.saucedemo.utils.ExtentUtils.endReport(ExtentUtils.java:31)
at com.saucedemo.utils.ExtentUtils.endReport(ExtentUtils.java:31)
at com.saucedemo.utils.ExtentUtils.endReport(ExtentUtils.java:31)
at com.saucedemo.utils.ExtentUtils.endReport(ExtentUtils.java:31)
at com.saucedemo.utils.ExtentUtils.endReport(ExtentUtils.java:31)
at com.saucedemo.utils.ExtentUtils.endReport(ExtentUtils.java:31)
at com.saucedemo.utils.ExtentUtils.endReport(ExtentUtils.java:31)
at com.saucedemo.utils.ExtentUtils.endReport(ExtentUtils.java:31)
at com.saucedemo.utils.ExtentUtils.endReport(ExtentUtils.java:31)
at com.saucedemo.utils.ExtentUtils.endReport(ExtentUtils.java:31)
at com.saucedemo.utils.ExtentUtils.endReport(ExtentUtils.java:31)
at com.saucedemo.utils.ExtentUtils.endReport(ExtentUtils.java:31)
at com.saucedemo.utils.ExtentUtils.endReport(ExtentUtils.java:31)
at com.saucedemo.utils.ExtentUtils.endReport(ExtentUtils.java:31)
at com.saucedemo.utils.ExtentUtils.endReport(ExtentUtils.java:31)
at com.saucedemo.utils.ExtentUtils.endReport(ExtentUtils.java:31)
at com.saucedemo.utils.ExtentUtils.endReport(ExtentUtils.java:31)
at com.saucedemo.utils.ExtentUtils.endReport(ExtentUtils.java:31)
at com.saucedemo.utils.ExtentUtils.endReport(ExtentUtils.java:31)
at com.saucedemo.utils.ExtentUtils.endReport(ExtentUtils.java:31)
at com.saucedemo.utils.ExtentUtils.endReport(ExtentUtils.java:31)
at com.saucedemo.utils.ExtentUtils.endReport(ExtentUtils.java:31)
at com.saucedemo.utils.ExtentUtils.endReport(ExtentUtils.java:31)
at com.saucedemo.utils.ExtentUtils.endReport(ExtentUtils.java:31)
at com.saucedemo.utils.ExtentUtils.endReport(ExtentUtils.java:31)
at com.saucedemo.utils.ExtentUtils.endReport(ExtentUtils.java:31)
at com.saucedemo.utils.ExtentUtils.endReport(ExtentUtils.java:31)
at com.saucedemo.utils.ExtentUtils.endReport(ExtentUtils.java:31)
at com.saucedemo.utils.ExtentUtils.endReport(ExtentUtils.java:31)
at com.saucedemo.utils.ExtentUtils.endReport(ExtentUtils.java:31)
at com.saucedemo.utils.ExtentUtils.endReport(ExtentUtils.java:31)
at com.saucedemo.utils.ExtentUtils.endReport(ExtentUtils.java:31)
at com.saucedemo.utils.ExtentUtils.endReport(ExtentUtils.java:31)
at com.saucedemo.utils.ExtentUtils.endReport(ExtentUtils.java:31)
at com.saucedemo.utils.ExtentUtils.endReport(ExtentUtils.java:31)
at com.saucedemo.utils.ExtentUtils.endReport(ExtentUtils.java:31)
at com.saucedemo.utils.ExtentUtils.endReport(ExtentUtils.java:31)
at com.saucedemo.utils.ExtentUtils.endReport(ExtentUtils.java:31)
at com.saucedemo.utils.ExtentUtils.endReport(ExtentUtils.java:31)
at com.saucedemo.utils.ExtentUtils.endReport(ExtentUtils.java:31)
at com.saucedemo.utils.ExtentUtils.endReport(ExtentUtils.java:31)
at com.saucedemo.utils.ExtentUtils.endReport(ExtentUtils.java:31)
at com.saucedemo.utils.ExtentUtils.endReport(ExtentUtils.java:31)
at com.saucedemo.utils.ExtentUtils.endReport(ExtentUtils.java:31)
at com.saucedemo.utils.ExtentUtils.endReport(ExtentUtils.java:31)
at com.saucedemo.utils.ExtentUtils.endReport(ExtentUtils.java:31)
at com.saucedemo.utils.ExtentUtils.endReport(ExtentUtils.java:31)
at com.saucedemo.utils.ExtentUtils.endReport(ExtentUtils.java:31)
at com.saucedemo.utils.ExtentUtils.endReport(ExtentUtils.java:31)
at com.saucedemo.utils.ExtentUtils.endReport(ExtentUtils.java:31)
at com.saucedemo.utils.ExtentUtils.endReport(ExtentUtils.java:31)
at com.saucedemo.utils.ExtentUtils.endReport(ExtentUtils.java:31)
at com.saucedemo.utils.ExtentUtils.endReport(ExtentUtils.java:31)
at com.saucedemo.utils.ExtentUtils.endReport(ExtentUtils.java:31)
at com.saucedemo.utils.ExtentUtils.endReport(ExtentUtils.java:31)
at com.saucedemo.utils.ExtentUtils.endReport(ExtentUtils.java:31)
at com.saucedemo.utils.ExtentUtils.endReport(ExtentUtils.java:31)
at com.saucedemo.utils.ExtentUtils.endReport(ExtentUtils.java:31)
at com.saucedemo.utils.ExtentUtils.endReport(ExtentUtils.java:31)
at com.saucedemo.utils.ExtentUtils.endReport(ExtentUtils.java:31)
at com.saucedemo.utils.ExtentUtils.endReport(ExtentUtils.java:31)
at com.saucedemo.utils.ExtentUtils.endReport(ExtentUtils.java:31)
at com.saucedemo.utils.ExtentUtils.endReport(ExtentUtils.java:31)
at com.saucedemo.utils.ExtentUtils.endReport(ExtentUtils.java:31)
at com.saucedemo.utils.ExtentUtils.endReport(ExtentUtils.java:31)
at com.saucedemo.utils.ExtentUtils.endReport(ExtentUtils.java:31)
at com.saucedemo.utils.ExtentUtils.endReport(ExtentUtils.java:31)
at com.saucedemo.utils.ExtentUtils.endReport(ExtentUtils.java:31)
at com.saucedemo.utils.ExtentUtils.endReport(ExtentUtils.java:31)
at com.saucedemo.utils.ExtentUtils.endReport(ExtentUtils.java:31)
at com.saucedemo.utils.ExtentUtils.endReport(ExtentUtils.java:31)
at com.saucedemo.utils.ExtentUtils.endReport(ExtentUtils.java:31)
at com.saucedemo.utils.ExtentUtils.endReport(ExtentUtils.java:31)
at com.saucedemo.utils.ExtentUtils.endReport(ExtentUtils.java:31)
at com.saucedemo.utils.ExtentUtils.endReport(ExtentUtils.java:31)
at com.saucedemo.utils.ExtentUtils.endReport(ExtentUtils.java:31)
at com.saucedemo.utils.ExtentUtils.endReport(ExtentUtils.java:31)
at com.saucedemo.utils.ExtentUtils.endReport(ExtentUtils.java:31)
at com.saucedemo.utils.ExtentUtils.endReport(ExtentUtils.java:31)
at com.saucedemo.utils.ExtentUtils.endReport(ExtentUtils.java:31)
at com.saucedemo.utils.ExtentUtils.endReport(ExtentUtils.java:31)
at com.saucedemo.utils.ExtentUtils.endReport(ExtentUtils.java:31)
at com.saucedemo.utils.ExtentUtils.endReport(ExtentUtils.java:31)
at com.saucedemo.utils.ExtentUtils.endReport(ExtentUtils.java:31)
at com.saucedemo.utils.ExtentUtils.endReport(ExtentUtils.java:31)
at com.saucedemo.utils.ExtentUtils.endReport(ExtentUtils.java:31)
at com.saucedemo.utils.ExtentUtils.endReport(ExtentUtils.java:31)
at com.saucedemo.utils.ExtentUtils.endReport(ExtentUtils.java:31)
at com.saucedemo.utils.ExtentUtils.endReport(ExtentUtils.java:31)
at com.saucedemo.utils.ExtentUtils.endReport(ExtentUtils.java:31)
at com.saucedemo.utils.ExtentUtils.endReport(ExtentUtils.java:31)
at com.saucedemo.utils.ExtentUtils.endReport(ExtentUtils.java:31)
at com.saucedemo.utils.ExtentUtils.endReport(ExtentUtils.java:31)
at com.saucedemo.utils.ExtentUtils.endReport(ExtentUtils.java:31)
at com.saucedemo.utils.ExtentUtils.endReport(ExtentUtils.java:31)
at com.saucedemo.utils.ExtentUtils.endReport(ExtentUtils.java:31)
at com.saucedemo.utils.ExtentUtils.endReport(ExtentUtils.java:31)
at com.saucedemo.utils.ExtentUtils.endReport(ExtentUtils.java:31)
at com.saucedemo.utils.ExtentUtils.endReport(ExtentUtils.java:31)
at com.saucedemo.utils.ExtentUtils.endReport(ExtentUtils.java:31)
at com.saucedemo.utils.ExtentUtils.endReport(ExtentUtils.java:31)
at com.saucedemo.utils.ExtentUtils.endReport(ExtentUtils.java:31)
at com.saucedemo.utils.ExtentUtils.endReport(ExtentUtils.java:31)
at com.saucedemo.utils.ExtentUtils.endReport(ExtentUtils.java:31)
at com.saucedemo.utils.ExtentUtils.endReport(ExtentUtils.java:31)
at com.saucedemo.utils.ExtentUtils.endReport(ExtentUtils.java:31)
at com.saucedemo.utils.ExtentUtils.endReport(ExtentUtils.java:31)
at com.saucedemo.utils.ExtentUtils.endReport(ExtentUtils.java:31)
at com.saucedemo.utils.ExtentUtils.endReport(ExtentUtils.java:31)
at com.saucedemo.utils.ExtentUtils.endReport(ExtentUtils.java:31)
at com.saucedemo.utils.ExtentUtils.endReport(ExtentUtils.java:31)
at com.saucedemo.utils.ExtentUtils.endReport(ExtentUtils.java:31)
at com.saucedemo.utils.ExtentUtils.endReport(ExtentUtils.java:31)
at com.saucedemo.utils.ExtentUtils.endReport(ExtentUtils.java:31)
at com.saucedemo.utils.ExtentUtils.endReport(ExtentUtils.java:31)
at com.saucedemo.utils.ExtentUtils.endReport(ExtentUtils.java:31)
at com.saucedemo.utils.ExtentUtils.endReport(ExtentUtils.java:31)
at com.saucedemo.utils.ExtentUtils.endReport(ExtentUtils.java:31)
at com.saucedemo.utils.ExtentUtils.endReport(ExtentUtils.java:31)
at com.saucedemo.utils.ExtentUtils.endReport(ExtentUtils.java:31)
at com.saucedemo.utils.ExtentUtils.endReport(ExtentUtils.java:31)
at com.saucedemo.utils.ExtentUtils.endReport(ExtentUtils.java:31)
at com.saucedemo.utils.ExtentUtils.endReport(ExtentUtils.java:31)
at com.saucedemo.utils.ExtentUtils.endReport(ExtentUtils.java:31)
at com.saucedemo.utils.ExtentUtils.endReport(ExtentUtils.java:31)
at com.saucedemo.utils.ExtentUtils.endReport(ExtentUtils.java:31)
at com.saucedemo.utils.ExtentUtils.endReport(ExtentUtils.java:31)
at com.saucedemo.utils.ExtentUtils.endReport(ExtentUtils.java:31)
at com.saucedemo.utils.ExtentUtils.endReport(ExtentUtils.java:31)
at com.saucedemo.utils.ExtentUtils.endReport(ExtentUtils.java:31)
at com.saucedemo.utils.ExtentUtils.endReport(ExtentUtils.java:31)
at com.saucedemo.utils.ExtentUtils.endReport(ExtentUtils.java:31)
at com.saucedemo.utils.ExtentUtils.endReport(ExtentUtils.java:31)
at com.saucedemo.utils.ExtentUtils.endReport(ExtentUtils.java:31)
at com.saucedemo.utils.ExtentUtils.endReport(ExtentUtils.java:31)
at com.saucedemo.utils.ExtentUtils.endReport(ExtentUtils.java:31)
at com.saucedemo.utils.ExtentUtils.endReport(ExtentUtils.java:31)
at com.saucedemo.utils.ExtentUtils.endReport(ExtentUtils.java:31)
at com.saucedemo.utils.ExtentUtils.endReport(ExtentUtils.java:31)
at com.saucedemo.utils.ExtentUtils.endReport(ExtentUtils.java:31)
at com.saucedemo.utils.ExtentUtils.endReport(ExtentUtils.java:31)
at com.saucedemo.utils.ExtentUtils.endReport(ExtentUtils.java:31)
at com.saucedemo.utils.ExtentUtils.endReport(ExtentUtils.java:31)
at com.saucedemo.utils.ExtentUtils.endReport(ExtentUtils.java:31)
at com.saucedemo.utils.ExtentUtils.endReport(ExtentUtils.java:31)
at com.saucedemo.utils.ExtentUtils.endReport(ExtentUtils.java:31)
at com.saucedemo.utils.ExtentUtils.endReport(ExtentUtils.java:31)
at com.saucedemo.utils.ExtentUtils.endReport(ExtentUtils.java:31)
at com.saucedemo.utils.ExtentUtils.endReport(ExtentUtils.java:31)
at com.saucedemo.utils.ExtentUtils.endReport(ExtentUtils.java:31)
at com.saucedemo.utils.ExtentUtils.endReport(ExtentUtils.java:31)
at com.saucedemo.utils.ExtentUtils.endReport(ExtentUtils.java:31)
at com.saucedemo.utils.ExtentUtils.endReport(ExtentUtils.java:31)
at com.saucedemo.utils.ExtentUtils.endReport(ExtentUtils.java:31)
at com.saucedemo.utils.ExtentUtils.endReport(ExtentUtils.java:31)
at com.saucedemo.utils.ExtentUtils.endReport(ExtentUtils.java:31)
at com.saucedemo.utils.ExtentUtils.endReport(ExtentUtils.java:31)
at com.saucedemo.utils.ExtentUtils.endReport(ExtentUtils.java:31)
at com.saucedemo.utils.ExtentUtils.endReport(ExtentUtils.java:31)
at com.saucedemo.utils.ExtentUtils.endReport(ExtentUtils.java:31)
at com.saucedemo.utils.ExtentUtils.endReport(ExtentUtils.java:31)
at com.saucedemo.utils.ExtentUtils.endReport(ExtentUtils.java:31)
at com.saucedemo.utils.ExtentUtils.endReport(ExtentUtils.java:31)
at com.saucedemo.utils.ExtentUtils.endReport(ExtentUtils.java:31)
at com.saucedemo.utils.ExtentUtils.endReport(ExtentUtils.java:31)
at com.saucedemo.utils.ExtentUtils.endReport(ExtentUtils.java:31)
at com.saucedemo.utils.ExtentUtils.endReport(ExtentUtils.java:31)
at com.saucedemo.utils.ExtentUtils.endReport(ExtentUtils.java:31)
at com.saucedemo.utils.ExtentUtils.endReport(ExtentUtils.java:31)
at com.saucedemo.utils.ExtentUtils.endReport(ExtentUtils.java:31)
at com.saucedemo.utils.ExtentUtils.endReport(ExtentUtils.java:31)
at com.saucedemo.utils.ExtentUtils.endReport(ExtentUtils.java:31)
at com.saucedemo.utils.ExtentUtils.endReport(ExtentUtils.java:31)
at com.saucedemo.utils.ExtentUtils.endReport(ExtentUtils.java:31)
at com.saucedemo.utils.ExtentUtils.endReport(ExtentUtils.java:31)
at com.saucedemo.utils.ExtentUtils.endReport(ExtentUtils.java:31)
at com.saucedemo.utils.ExtentUtils.endReport(ExtentUtils.java:31)
at com.saucedemo.utils.ExtentUtils.endReport(ExtentUtils.java:31)
at com.saucedemo.utils.ExtentUtils.endReport(ExtentUtils.java:31)
at com.saucedemo.utils.ExtentUtils.endReport(ExtentUtils.java:31)
at com.saucedemo.utils.ExtentUtils.endReport(ExtentUtils.java:31)
at com.saucedemo.utils.ExtentUtils.endReport(ExtentUtils.java:31)
at com.saucedemo.utils.ExtentUtils.endReport(ExtentUtils.java:31)
at com.saucedemo.utils.ExtentUtils.endReport(ExtentUtils.java:31)
at com.saucedemo.utils.ExtentUtils.endReport(ExtentUtils.java:31)
at com.saucedemo.utils.ExtentUtils.endReport(ExtentUtils.java:31)
at com.saucedemo.utils.ExtentUtils.endReport(ExtentUtils.java:31)
at com.saucedemo.utils.ExtentUtils.endReport(ExtentUtils.java:31)
at com.saucedemo.utils.ExtentUtils.endReport(ExtentUtils.java:31)
at com.saucedemo.utils.ExtentUtils.endReport(ExtentUtils.java:31)
at com.saucedemo.utils.ExtentUtils.endReport(ExtentUtils.java:31)
at com.saucedemo.utils.ExtentUtils.endReport(ExtentUtils.java:31)
at com.saucedemo.utils.ExtentUtils.endReport(ExtentUtils.java:31)
at com.saucedemo.utils.ExtentUtils.endReport(ExtentUtils.java:31)
at com.saucedemo.utils.ExtentUtils.endReport(ExtentUtils.java:31)
at com.saucedemo.utils.ExtentUtils.endReport(ExtentUtils.java:31)
at com.saucedemo.utils.ExtentUtils.endReport(ExtentUtils.java:31)
at com.saucedemo.utils.ExtentUtils.endReport(ExtentUtils.java:31)
at com.saucedemo.utils.ExtentUtils.endReport(ExtentUtils.java:31)
at com.saucedemo.utils.ExtentUtils.endReport(ExtentUtils.java:31)
at com.saucedemo.utils.ExtentUtils.endReport(ExtentUtils.java:31)
at com.saucedemo.utils.ExtentUtils.endReport(ExtentUtils.java:31)
at com.saucedemo.utils.ExtentUtils.endReport(ExtentUtils.java:31)
at com.saucedemo.utils.ExtentUtils.endReport(ExtentUtils.java:31)
at com.saucedemo.utils.ExtentUtils.endReport(ExtentUtils.java:31)
at com.saucedemo.utils.ExtentUtils.endReport(ExtentUtils.java:31)
at com.saucedemo.utils.ExtentUtils.endReport(ExtentUtils.java:31)
at com.saucedemo.utils.ExtentUtils.endReport(ExtentUtils.java:31)
at com.saucedemo.utils.ExtentUtils.endReport(ExtentUtils.java:31)
at com.saucedemo.utils.ExtentUtils.endReport(ExtentUtils.java:31)
at com.saucedemo.utils.ExtentUtils.endReport(ExtentUtils.java:31)
at com.saucedemo.utils.ExtentUtils.endReport(ExtentUtils.java:31)
at com.saucedemo.utils.ExtentUtils.endReport(ExtentUtils.java:31)
at com.saucedemo.utils.ExtentUtils.endReport(ExtentUtils.java:31)
at com.saucedemo.utils.ExtentUtils.endReport(ExtentUtils.java:31)
at com.saucedemo.utils.ExtentUtils.endReport(ExtentUtils.java:31)
at com.saucedemo.utils.ExtentUtils.endReport(ExtentUtils.java:31)
at com.saucedemo.utils.ExtentUtils.endReport(ExtentUtils.java:31)
at com.saucedemo.utils.ExtentUtils.endReport(ExtentUtils.java:31)
at com.saucedemo.utils.ExtentUtils.endReport(ExtentUtils.java:31)
at com.saucedemo.utils.ExtentUtils.endReport(ExtentUtils.java:31)
at com.saucedemo.utils.ExtentUtils.endReport(ExtentUtils.java:31)
at com.saucedemo.utils.ExtentUtils.endReport(ExtentUtils.java:31)
at com.saucedemo.utils.ExtentUtils.endReport(ExtentUtils.java:31)
at com.saucedemo.utils.ExtentUtils.endReport(ExtentUtils.java:31)
at com.saucedemo.utils.ExtentUtils.endReport(ExtentUtils.java:31)
at com.saucedemo.utils.ExtentUtils.endReport(ExtentUtils.java:31)
at com.saucedemo.utils.ExtentUtils.endReport(ExtentUtils.java:31)
at com.saucedemo.utils.ExtentUtils.endReport(ExtentUtils.java:31)
at com.saucedemo.utils.ExtentUtils.endReport(ExtentUtils.java:31)
at com.saucedemo.utils.ExtentUtils.endReport(ExtentUtils.java:31)
at com.saucedemo.utils.ExtentUtils.endReport(ExtentUtils.java:31)
at com.saucedemo.utils.ExtentUtils.endReport(ExtentUtils.java:31)
at com.saucedemo.utils.ExtentUtils.endReport(ExtentUtils.java:31)
at com.saucedemo.utils.ExtentUtils.endReport(ExtentUtils.java:31)
at com.saucedemo.utils.ExtentUtils.endReport(ExtentUtils.java:31)
at com.saucedemo.utils.ExtentUtils.endReport(ExtentUtils.java:31)
at com.saucedemo.utils.ExtentUtils.endReport(ExtentUtils.java:31)
at com.saucedemo.utils.ExtentUtils.endReport(ExtentUtils.java:31)
at com.saucedemo.utils.ExtentUtils.endReport(ExtentUtils.java:31)
at com.saucedemo.utils.ExtentUtils.endReport(ExtentUtils.java:31)
at com.saucedemo.utils.ExtentUtils.endReport(ExtentUtils.java:31)
at com.saucedemo.utils.ExtentUtils.endReport(ExtentUtils.java:31)
at com.saucedemo.utils.ExtentUtils.endReport(ExtentUtils.java:31)
at com.saucedemo.utils.ExtentUtils.endReport(ExtentUtils.java:31)
at com.saucedemo.utils.ExtentUtils.endReport(ExtentUtils.java:31)
at com.saucedemo.utils.ExtentUtils.endReport(ExtentUtils.java:31)
at com.saucedemo.utils.ExtentUtils.endReport(ExtentUtils.java:31)
at com.saucedemo.utils.ExtentUtils.endReport(ExtentUtils.java:31)
at com.saucedemo.utils.ExtentUtils.endReport(ExtentUtils.java:31)
at com.saucedemo.utils.ExtentUtils.endReport(ExtentUtils.java:31)
at com.saucedemo.utils.ExtentUtils.endReport(ExtentUtils.java:31)
at com.saucedemo.utils.ExtentUtils.endReport(ExtentUtils.java:31)
at com.saucedemo.utils.ExtentUtils.endReport(ExtentUtils.java:31)
at com.saucedemo.utils.ExtentUtils.endReport(ExtentUtils.java:31)
at com.saucedemo.utils.ExtentUtils.endReport(ExtentUtils.java:31)
at com.saucedemo.utils.ExtentUtils.endReport(ExtentUtils.java:31)
at com.saucedemo.utils.ExtentUtils.endReport(ExtentUtils.java:31)
at com.saucedemo.utils.ExtentUtils.endReport(ExtentUtils.java:31)
at com.saucedemo.utils.ExtentUtils.endReport(ExtentUtils.java:31)
at com.saucedemo.utils.ExtentUtils.endReport(ExtentUtils.java:31)
at com.saucedemo.utils.ExtentUtils.endReport(ExtentUtils.java:31)
at com.saucedemo.utils.ExtentUtils.endReport(ExtentUtils.java:31)
at com.saucedemo.utils.ExtentUtils.endReport(ExtentUtils.java:31)
at com.saucedemo.utils.ExtentUtils.endReport(ExtentUtils.java:31)
at com.saucedemo.utils.ExtentUtils.endReport(ExtentUtils.java:31)
at com.saucedemo.utils.ExtentUtils.endReport(ExtentUtils.java:31)
at com.saucedemo.utils.ExtentUtils.endReport(ExtentUtils.java:31)
at com.saucedemo.utils.ExtentUtils.endReport(ExtentUtils.java:31)
at com.saucedemo.utils.ExtentUtils.endReport(ExtentUtils.java:31)
at com.saucedemo.utils.ExtentUtils.endReport(ExtentUtils.java:31)
at com.saucedemo.utils.ExtentUtils.endReport(ExtentUtils.java:31)
at com.saucedemo.utils.ExtentUtils.endReport(ExtentUtils.java:31)
at com.saucedemo.utils.ExtentUtils.endReport(ExtentUtils.java:31)
at com.saucedemo.utils.ExtentUtils.endReport(ExtentUtils.java:31)
at com.saucedemo.utils.ExtentUtils.endReport(ExtentUtils.java:31)
at com.saucedemo.utils.ExtentUtils.endReport(ExtentUtils.java:31)
at com.saucedemo.utils.ExtentUtils.endReport(ExtentUtils.java:31)
at com.saucedemo.utils.ExtentUtils.endReport(ExtentUtils.java:31)
at com.saucedemo.utils.ExtentUtils.endReport(ExtentUtils.java:31)
at com.saucedemo.utils.ExtentUtils.endReport(ExtentUtils.java:31)
at com.saucedemo.utils.ExtentUtils.endReport(ExtentUtils.java:31)
at com.saucedemo.utils.ExtentUtils.endReport(ExtentUtils.java:31)
at com.saucedemo.utils.ExtentUtils.endReport(ExtentUtils.java:31)
at com.saucedemo.utils.ExtentUtils.endReport(ExtentUtils.java:31)
at com.saucedemo.utils.ExtentUtils.endReport(ExtentUtils.java:31)
at com.saucedemo.utils.ExtentUtils.endReport(ExtentUtils.java:31)
at com.saucedemo.utils.ExtentUtils.endReport(ExtentUtils.java:31)
at com.saucedemo.utils.ExtentUtils.endReport(ExtentUtils.java:31)
at com.saucedemo.utils.ExtentUtils.endReport(ExtentUtils.java:31)
at com.saucedemo.utils.ExtentUtils.endReport(ExtentUtils.java:31)
at com.saucedemo.utils.ExtentUtils.endReport(ExtentUtils.java:31)
at com.saucedemo.utils.ExtentUtils.endReport(ExtentUtils.java:31)
at com.saucedemo.utils.ExtentUtils.endReport(ExtentUtils.java:31)
at com.saucedemo.utils.ExtentUtils.endReport(ExtentUtils.java:31)
at com.saucedemo.utils.ExtentUtils.endReport(ExtentUtils.java:31)
at com.saucedemo.utils.ExtentUtils.endReport(ExtentUtils.java:31)
at com.saucedemo.utils.ExtentUtils.endReport(ExtentUtils.java:31)
at com.saucedemo.utils.ExtentUtils.endReport(ExtentUtils.java:31)
at com.saucedemo.utils.ExtentUtils.endReport(ExtentUtils.java:31)
at com.saucedemo.utils.ExtentUtils.endReport(ExtentUtils.java:31)
at com.saucedemo.utils.ExtentUtils.endReport(ExtentUtils.java:31)
at com.saucedemo.utils.ExtentUtils.endReport(ExtentUtils.java:31)
at com.saucedemo.utils.ExtentUtils.endReport(ExtentUtils.java:31)
at com.saucedemo.utils.ExtentUtils.endReport(ExtentUtils.java:31)
at com.saucedemo.utils.ExtentUtils.endReport(ExtentUtils.java:31)
at com.saucedemo.utils.ExtentUtils.endReport(ExtentUtils.java:31)
at com.saucedemo.utils.ExtentUtils.endReport(ExtentUtils.java:31)
at com.saucedemo.utils.ExtentUtils.endReport(ExtentUtils.java:31)
at com.saucedemo.utils.ExtentUtils.endReport(ExtentUtils.java:31)
at com.saucedemo.utils.ExtentUtils.endReport(ExtentUtils.java:31)
at com.saucedemo.utils.ExtentUtils.endReport(ExtentUtils.java:31)
at com.saucedemo.utils.ExtentUtils.endReport(ExtentUtils.java:31)
at com.saucedemo.utils.ExtentUtils.endReport(ExtentUtils.java:31)
at com.saucedemo.utils.ExtentUtils.endReport(ExtentUtils.java:31)
at com.saucedemo.utils.ExtentUtils.endReport(ExtentUtils.java:31)
at com.saucedemo.utils.ExtentUtils.endReport(ExtentUtils.java:31)
at com.saucedemo.utils.ExtentUtils.endReport(ExtentUtils.java:31)
at com.saucedemo.utils.ExtentUtils.endReport(ExtentUtils.java:31)
at com.saucedemo.utils.ExtentUtils.endReport(ExtentUtils.java:31)
at com.saucedemo.utils.ExtentUtils.endReport(ExtentUtils.java:31)
at com.saucedemo.utils.ExtentUtils.endReport(ExtentUtils.java:31)
at com.saucedemo.utils.ExtentUtils.endReport(ExtentUtils.java:31)
at com.saucedemo.utils.ExtentUtils.endReport(ExtentUtils.java:31)
at com.saucedemo.utils.ExtentUtils.endReport(ExtentUtils.java:31)
at com.saucedemo.utils.ExtentUtils.endReport(ExtentUtils.java:31)
at com.saucedemo.utils.ExtentUtils.endReport(ExtentUtils.java:31)
at com.saucedemo.utils.ExtentUtils.endReport(ExtentUtils.java:31)
at com.saucedemo.utils.ExtentUtils.endReport(ExtentUtils.java:31)
at com.saucedemo.utils.ExtentUtils.endReport(ExtentUtils.java:31)
at com.saucedemo.utils.ExtentUtils.endReport(ExtentUtils.java:31)
at com.saucedemo.utils.ExtentUtils.endReport(ExtentUtils.java:31)
at com.saucedemo.utils.ExtentUtils.endReport(ExtentUtils.java:31)
at com.saucedemo.utils.ExtentUtils.endReport(ExtentUtils.java:31)
at com.saucedemo.utils.ExtentUtils.endReport(ExtentUtils.java:31)
at com.saucedemo.utils.ExtentUtils.endReport(ExtentUtils.java:31)
at com.saucedemo.utils.ExtentUtils.endReport(ExtentUtils.java:31)
at com.saucedemo.utils.ExtentUtils.endReport(ExtentUtils.java:31)
at com.saucedemo.utils.ExtentUtils.endReport(ExtentUtils.java:31)
at com.saucedemo.utils.ExtentUtils.endReport(ExtentUtils.java:31)
at com.saucedemo.utils.ExtentUtils.endReport(ExtentUtils.java:31)
at com.saucedemo.utils.ExtentUtils.endReport(ExtentUtils.java:31)
at com.saucedemo.utils.ExtentUtils.endReport(ExtentUtils.java:31)
at com.saucedemo.utils.ExtentUtils.endReport(ExtentUtils.java:31)
at com.saucedemo.utils.ExtentUtils.endReport(ExtentUtils.java:31)
at com.saucedemo.utils.ExtentUtils.endReport(ExtentUtils.java:31)
at com.saucedemo.utils.ExtentUtils.endReport(ExtentUtils.java:31)
at com.saucedemo.utils.ExtentUtils.endReport(ExtentUtils.java:31)
at com.saucedemo.utils.ExtentUtils.endReport(ExtentUtils.java:31)
at com.saucedemo.utils.ExtentUtils.endReport(ExtentUtils.java:31)
at com.saucedemo.utils.ExtentUtils.endReport(ExtentUtils.java:31)
at com.saucedemo.utils.ExtentUtils.endReport(ExtentUtils.java:31)
at com.saucedemo.utils.ExtentUtils.endReport(ExtentUtils.java:31)
at com.saucedemo.utils.ExtentUtils.endReport(ExtentUtils.java:31)
at com.saucedemo.utils.ExtentUtils.endReport(ExtentUtils.java:31)
at com.saucedemo.utils.ExtentUtils.endReport(ExtentUtils.java:31)
at com.saucedemo.utils.ExtentUtils.endReport(ExtentUtils.java:31)
at com.saucedemo.utils.ExtentUtils.endReport(ExtentUtils.java:31)
at com.saucedemo.utils.ExtentUtils.endReport(ExtentUtils.java:31)
at com.saucedemo.utils.ExtentUtils.endReport(ExtentUtils.java:31)
at com.saucedemo.utils.ExtentUtils.endReport(ExtentUtils.java:31)
at com.saucedemo.utils.ExtentUtils.endReport(ExtentUtils.java:31)
at com.saucedemo.utils.ExtentUtils.endReport(ExtentUtils.java:31)
at com.saucedemo.utils.ExtentUtils.endReport(ExtentUtils.java:31)
at com.saucedemo.utils.ExtentUtils.endReport(ExtentUtils.java:31)
at com.saucedemo.utils.ExtentUtils.endReport(ExtentUtils.java:31)
at com.saucedemo.utils.ExtentUtils.endReport(ExtentUtils.java:31)
at com.saucedemo.utils.ExtentUtils.endReport(ExtentUtils.java:31)
at com.saucedemo.utils.ExtentUtils.endReport(ExtentUtils.java:31)
at com.saucedemo.utils.ExtentUtils.endReport(ExtentUtils.java:31)
at com.saucedemo.utils.ExtentUtils.endReport(ExtentUtils.java:31)
at com.saucedemo.utils.ExtentUtils.endReport(ExtentUtils.java:31)
at com.saucedemo.utils.ExtentUtils.endReport(ExtentUtils.java:31)
at com.saucedemo.utils.ExtentUtils.endReport(ExtentUtils.java:31)
at com.saucedemo.utils.ExtentUtils.endReport(ExtentUtils.java:31)
at com.saucedemo.utils.ExtentUtils.endReport(ExtentUtils.java:31)
at com.saucedemo.utils.ExtentUtils.endReport(ExtentUtils.java:31)
at com.saucedemo.utils.ExtentUtils.endReport(ExtentUtils.java:31)
at com.saucedemo.utils.ExtentUtils.endReport(ExtentUtils.java:31)
at com.saucedemo.utils.ExtentUtils.endReport(ExtentUtils.java:31)
at com.saucedemo.utils.ExtentUtils.endReport(ExtentUtils.java:31)
at com.saucedemo.utils.ExtentUtils.endReport(ExtentUtils.java:31)
at com.saucedemo.utils.ExtentUtils.endReport(ExtentUtils.java:31)
at com.saucedemo.utils.ExtentUtils.endReport(ExtentUtils.java:31)
at com.saucedemo.utils.ExtentUtils.endReport(ExtentUtils.java:31)
at com.saucedemo.utils.ExtentUtils.endReport(ExtentUtils.java:31)
at com.saucedemo.utils.ExtentUtils.endReport(ExtentUtils.java:31)
at com.saucedemo.utils.ExtentUtils.endReport(ExtentUtils.java:31)
at com.saucedemo.utils.ExtentUtils.endReport(ExtentUtils.java:31)
at com.saucedemo.utils.ExtentUtils.endReport(ExtentUtils.java:31)
at com.saucedemo.utils.ExtentUtils.endReport(ExtentUtils.java:31)
at com.saucedemo.utils.ExtentUtils.endReport(ExtentUtils.java:31)
at com.saucedemo.utils.ExtentUtils.endReport(ExtentUtils.java:31)
at com.saucedemo.utils.ExtentUtils.endReport(ExtentUtils.java:31)
at com.saucedemo.utils.ExtentUtils.endReport(ExtentUtils.java:31)
at com.saucedemo.utils.ExtentUtils.endReport(ExtentUtils.java:31)
at com.saucedemo.utils.ExtentUtils.endReport(ExtentUtils.java:31)
at com.saucedemo.utils.ExtentUtils.endReport(ExtentUtils.java:31)
at com.saucedemo.utils.ExtentUtils.endReport(ExtentUtils.java:31)
at com.saucedemo.utils.ExtentUtils.endReport(ExtentUtils.java:31)
at com.saucedemo.utils.ExtentUtils.endReport(ExtentUtils.java:31)
at com.saucedemo.utils.ExtentUtils.endReport(ExtentUtils.java:31)
at com.saucedemo.utils.ExtentUtils.endReport(ExtentUtils.java:31)
at com.saucedemo.utils.ExtentUtils.endReport(ExtentUtils.java:31)
at com.saucedemo.utils.ExtentUtils.endReport(ExtentUtils.java:31)
at com.saucedemo.utils.ExtentUtils.endReport(ExtentUtils.java:31)
at com.saucedemo.utils.ExtentUtils.endReport(ExtentUtils.java:31)
at com.saucedemo.utils.ExtentUtils.endReport(ExtentUtils.java:31)
at com.saucedemo.utils.ExtentUtils.endReport(ExtentUtils.java:31)
at com.saucedemo.utils.ExtentUtils.endReport(ExtentUtils.java:31)
at com.saucedemo.utils.ExtentUtils.endReport(ExtentUtils.java:31)
at com.saucedemo.utils.ExtentUtils.endReport(ExtentUtils.java:31)
at com.saucedemo.utils.ExtentUtils.endReport(ExtentUtils.java:31)
at com.saucedemo.utils.ExtentUtils.endReport(ExtentUtils.java:31)
at com.saucedemo.utils.ExtentUtils.endReport(ExtentUtils.java:31)
at com.saucedemo.utils.ExtentUtils.endReport(ExtentUtils.java:31)
at com.saucedemo.utils.ExtentUtils.endReport(ExtentUtils.java:31)
at com.saucedemo.utils.ExtentUtils.endReport(ExtentUtils.java:31)
at com.saucedemo.utils.ExtentUtils.endReport(ExtentUtils.java:31)
at com.saucedemo.utils.ExtentUtils.endReport(ExtentUtils.java:31)
at com.saucedemo.utils.ExtentUtils.endReport(ExtentUtils.java:31)
at com.saucedemo.utils.ExtentUtils.endReport(ExtentUtils.java:31)
at com.saucedemo.utils.ExtentUtils.endReport(ExtentUtils.java:31)
at com.saucedemo.utils.ExtentUtils.endReport(ExtentUtils.java:31)
at com.saucedemo.utils.ExtentUtils.endReport(ExtentUtils.java:31)
at com.saucedemo.utils.ExtentUtils.endReport(ExtentUtils.java:31)
at com.saucedemo.utils.ExtentUtils.endReport(ExtentUtils.java:31)
at com.saucedemo.utils.ExtentUtils.endReport(ExtentUtils.java:31)
at com.saucedemo.utils.ExtentUtils.endReport(ExtentUtils.java:31)
at com.saucedemo.utils.ExtentUtils.endReport(ExtentUtils.java:31)
at com.saucedemo.utils.ExtentUtils.endReport(ExtentUtils.java:31)
at com.saucedemo.utils.ExtentUtils.endReport(ExtentUtils.java:31)
at com.saucedemo.utils.ExtentUtils.endReport(ExtentUtils.java:31)
at com.saucedemo.utils.ExtentUtils.endReport(ExtentUtils.java:31)
at com.saucedemo.utils.ExtentUtils.endReport(ExtentUtils.java:31)
at com.saucedemo.utils.ExtentUtils.endReport(ExtentUtils.java:31)
at com.saucedemo.utils.ExtentUtils.endReport(ExtentUtils.java:31)
at com.saucedemo.utils.ExtentUtils.endReport(ExtentUtils.java:31)
at com.saucedemo.utils.ExtentUtils.endReport(ExtentUtils.java:31)
at com.saucedemo.utils.ExtentUtils.endReport(ExtentUtils.java:31)
at com.saucedemo.utils.ExtentUtils.endReport(ExtentUtils.java:31)
at com.saucedemo.utils.ExtentUtils.endReport(ExtentUtils.java:31)
at com.saucedemo.utils.ExtentUtils.endReport(ExtentUtils.java:31)
at com.saucedemo.utils.ExtentUtils.endReport(ExtentUtils.java:31)
at com.saucedemo.utils.ExtentUtils.endReport(ExtentUtils.java:31)
at com.saucedemo.utils.ExtentUtils.endReport(ExtentUtils.java:31)
at com.saucedemo.utils.ExtentUtils.endReport(ExtentUtils.java:31)
at com.saucedemo.utils.ExtentUtils.endReport(ExtentUtils.java:31)
at com.saucedemo.utils.ExtentUtils.endReport(ExtentUtils.java:31)
at com.saucedemo.utils.ExtentUtils.endReport(ExtentUtils.java:31)
at com.saucedemo.utils.ExtentUtils.endReport(ExtentUtils.java:31)
at com.saucedemo.utils.ExtentUtils.endReport(ExtentUtils.java:31)
at com.saucedemo.utils.ExtentUtils.endReport(ExtentUtils.java:31)
at com.saucedemo.utils.ExtentUtils.endReport(ExtentUtils.java:31)
at com.saucedemo.utils.ExtentUtils.endReport(ExtentUtils.java:31)
at com.saucedemo.utils.ExtentUtils.endReport(ExtentUtils.java:31)
at com.saucedemo.utils.ExtentUtils.endReport(ExtentUtils.java:31)
at com.saucedemo.utils.ExtentUtils.endReport(ExtentUtils.java:31)
at com.saucedemo.utils.ExtentUtils.endReport(ExtentUtils.java:31)
at com.saucedemo.utils.ExtentUtils.endReport(ExtentUtils.java:31)
at com.saucedemo.utils.ExtentUtils.endReport(ExtentUtils.java:31)
at com.saucedemo.utils.ExtentUtils.endReport(ExtentUtils.java:31)
at com.saucedemo.utils.ExtentUtils.endReport(ExtentUtils.java:31)
at com.saucedemo.utils.ExtentUtils.endReport(ExtentUtils.java:31)
at com.saucedemo.utils.ExtentUtils.endReport(ExtentUtils.java:31)
at com.saucedemo.utils.ExtentUtils.endReport(ExtentUtils.java:31)
at com.saucedemo.utils.ExtentUtils.endReport(ExtentUtils.java:31)
at com.saucedemo.utils.ExtentUtils.endReport(ExtentUtils.java:31)
at com.saucedemo.utils.ExtentUtils.endReport(ExtentUtils.java:31)
at com.saucedemo.utils.ExtentUtils.endReport(ExtentUtils.java:31)
at com.saucedemo.utils.ExtentUtils.endReport(ExtentUtils.java:31)
at com.saucedemo.utils.ExtentUtils.endReport(ExtentUtils.java:31)
at com.saucedemo.utils.ExtentUtils.endReport(ExtentUtils.java:31)
at com.saucedemo.utils.ExtentUtils.endReport(ExtentUtils.java:31)
at com.saucedemo.utils.ExtentUtils.endReport(ExtentUtils.java:31)
at com.saucedemo.utils.ExtentUtils.endReport(ExtentUtils.java:31)
at com.saucedemo.utils.ExtentUtils.endReport(ExtentUtils.java:31)
at com.saucedemo.utils.ExtentUtils.endReport(ExtentUtils.java:31)
at com.saucedemo.utils.ExtentUtils.endReport(ExtentUtils.java:31)
at com.saucedemo.utils.ExtentUtils.endReport(ExtentUtils.java:31)
at com.saucedemo.utils.ExtentUtils.endReport(ExtentUtils.java:31)
at com.saucedemo.utils.ExtentUtils.endReport(ExtentUtils.java:31)
at com.saucedemo.utils.ExtentUtils.endReport(ExtentUtils.java:31)
at com.saucedemo.utils.ExtentUtils.endReport(ExtentUtils.java:31)
at com.saucedemo.utils.ExtentUtils.endReport(ExtentUtils.java:31)
at com.saucedemo.utils.ExtentUtils.endReport(ExtentUtils.java:31)
at com.saucedemo.utils.ExtentUtils.endReport(ExtentUtils.java:31)
at com.saucedemo.utils.ExtentUtils.endReport(ExtentUtils.java:31)
at com.saucedemo.utils.ExtentUtils.endReport(ExtentUtils.java:31)
at com.saucedemo.utils.ExtentUtils.endReport(ExtentUtils.java:31)
at com.saucedemo.utils.ExtentUtils.endReport(ExtentUtils.java:31)
at com.saucedemo.utils.ExtentUtils.endReport(ExtentUtils.java:31)
at com.saucedemo.utils.ExtentUtils.endReport(ExtentUtils.java:31)
at com.saucedemo.utils.ExtentUtils.endReport(ExtentUtils.java:31)
at com.saucedemo.utils.ExtentUtils.endReport(ExtentUtils.java:31)
at com.saucedemo.utils.ExtentUtils.endReport(ExtentUtils.java:31)
at com.saucedemo.utils.ExtentUtils.endReport(ExtentUtils.java:31)
at com.saucedemo.utils.ExtentUtils.endReport(ExtentUtils.java:31)
at com.saucedemo.utils.ExtentUtils.endReport(ExtentUtils.java:31)
at com.saucedemo.utils.ExtentUtils.endReport(ExtentUtils.java:31)
at com.saucedemo.utils.ExtentUtils.endReport(ExtentUtils.java:31)
at com.saucedemo.utils.ExtentUtils.endReport(ExtentUtils.java:31)
at com.saucedemo.utils.ExtentUtils.endReport(ExtentUtils.java:31)
at com.saucedemo.utils.ExtentUtils.endReport(ExtentUtils.java:31)
at com.saucedemo.utils.ExtentUtils.endReport(ExtentUtils.java:31)
at com.saucedemo.utils.ExtentUtils.endReport(ExtentUtils.java:31)
at com.saucedemo.utils.ExtentUtils.endReport(ExtentUtils.java:31)
at com.saucedemo.utils.ExtentUtils.endReport(ExtentUtils.java:31)
at com.saucedemo.utils.ExtentUtils.endReport(ExtentUtils.java:31)
at com.saucedemo.utils.ExtentUtils.endReport(ExtentUtils.java:31)
at com.saucedemo.utils.ExtentUtils.endReport(ExtentUtils.java:31)
at com.saucedemo.utils.ExtentUtils.endReport(ExtentUtils.java:31)
at com.saucedemo.utils.ExtentUtils.endReport(ExtentUtils.java:31)
at com.saucedemo.utils.ExtentUtils.endReport(ExtentUtils.java:31)
at com.saucedemo.utils.ExtentUtils.endReport(ExtentUtils.java:31)
at com.saucedemo.utils.ExtentUtils.endReport(ExtentUtils.java:31)
at com.saucedemo.utils.ExtentUtils.endReport(ExtentUtils.java:31)
at com.saucedemo.utils.ExtentUtils.endReport(ExtentUtils.java:31)
at com.saucedemo.utils.ExtentUtils.endReport(ExtentUtils.java:31)
at com.saucedemo.utils.ExtentUtils.endReport(ExtentUtils.java:31)
at com.saucedemo.utils.ExtentUtils.endReport(ExtentUtils.java:31)
at com.saucedemo.utils.ExtentUtils.endReport(ExtentUtils.java:31)
at com.saucedemo.utils.ExtentUtils.endReport(ExtentUtils.java:31)
at com.saucedemo.utils.ExtentUtils.endReport(ExtentUtils.java:31)
at com.saucedemo.utils.ExtentUtils.endReport(ExtentUtils.java:31)
at com.saucedemo.utils.ExtentUtils.endReport(ExtentUtils.java:31)
at com.saucedemo.utils.ExtentUtils.endReport(ExtentUtils.java:31)
at com.saucedemo.utils.ExtentUtils.endReport(ExtentUtils.java:31)
at com.saucedemo.utils.ExtentUtils.endReport(ExtentUtils.java:31)
at com.saucedemo.utils.ExtentUtils.endReport(ExtentUtils.java:31)
at com.saucedemo.utils.ExtentUtils.endReport(ExtentUtils.java:31)
at com.saucedemo.utils.ExtentUtils.endReport(ExtentUtils.java:31)
at com.saucedemo.utils.ExtentUtils.endReport(ExtentUtils.java:31)
at com.saucedemo.utils.ExtentUtils.endReport(ExtentUtils.java:31)
at com.saucedemo.utils.ExtentUtils.endReport(ExtentUtils.java:31)
at com.saucedemo.utils.ExtentUtils.endReport(ExtentUtils.java:31)
at com.saucedemo.utils.ExtentUtils.endReport(ExtentUtils.java:31)
at com.saucedemo.utils.ExtentUtils.endReport(ExtentUtils.java:31)
at com.saucedemo.utils.ExtentUtils.endReport(ExtentUtils.java:31)
at com.saucedemo.utils.ExtentUtils.endReport(ExtentUtils.java:31)
at com.saucedemo.utils.ExtentUtils.endReport(ExtentUtils.java:31)
at com.saucedemo.utils.ExtentUtils.endReport(ExtentUtils.java:31)
at com.saucedemo.utils.ExtentUtils.endReport(ExtentUtils.java:31)
at com.saucedemo.utils.ExtentUtils.endReport(ExtentUtils.java:31)
at com.saucedemo.utils.ExtentUtils.endReport(ExtentUtils.java:31)
at com.saucedemo.utils.ExtentUtils.endReport(ExtentUtils.java:31)
at com.saucedemo.utils.ExtentUtils.endReport(ExtentUtils.java:31)
at com.saucedemo.utils.ExtentUtils.endReport(ExtentUtils.java:31)
at com.saucedemo.utils.ExtentUtils.endReport(ExtentUtils.java:31)
at com.saucedemo.utils.ExtentUtils.endReport(ExtentUtils.java:31)
at com.saucedemo.utils.ExtentUtils.endReport(ExtentUtils.java:31)
at com.saucedemo.utils.ExtentUtils.endReport(ExtentUtils.java:31)
at com.saucedemo.utils.ExtentUtils.endReport(ExtentUtils.java:31)
at com.saucedemo.utils.ExtentUtils.endReport(ExtentUtils.java:31)
at com.saucedemo.utils.ExtentUtils.endReport(ExtentUtils.java:31)
at com.saucedemo.utils.ExtentUtils.endReport(ExtentUtils.java:31)
at com.saucedemo.utils.ExtentUtils.endReport(ExtentUtils.java:31)
at com.saucedemo.utils.ExtentUtils.endReport(ExtentUtils.java:31)
at com.saucedemo.utils.ExtentUtils.endReport(ExtentUtils.java:31)
at com.saucedemo.utils.ExtentUtils.endReport(ExtentUtils.java:31)
at com.saucedemo.utils.ExtentUtils.endReport(ExtentUtils.java:31)
at com.saucedemo.utils.ExtentUtils.endReport(ExtentUtils.java:31)
at com.saucedemo.utils.ExtentUtils.endReport(ExtentUtils.java:31)
at com.saucedemo.utils.ExtentUtils.endReport(ExtentUtils.java:31)
at com.saucedemo.utils.ExtentUtils.endReport(ExtentUtils.java:31)
at com.saucedemo.utils.ExtentUtils.endReport(ExtentUtils.java:31)
at com.saucedemo.utils.ExtentUtils.endReport(ExtentUtils.java:31)
at com.saucedemo.utils.ExtentUtils.endReport(ExtentUtils.java:31)
at com.saucedemo.utils.ExtentUtils.endReport(ExtentUtils.java:31)
at com.saucedemo.utils.ExtentUtils.endReport(ExtentUtils.java:31)
at com.saucedemo.utils.ExtentUtils.endReport(ExtentUtils.java:31)
at com.saucedemo.utils.ExtentUtils.endReport(ExtentUtils.java:31)
at com.saucedemo.utils.ExtentUtils.endReport(ExtentUtils.java:31)
at com.saucedemo.utils.ExtentUtils.endReport(ExtentUtils.java:31)
at com.saucedemo.utils.ExtentUtils.endReport(ExtentUtils.java:31)
at com.saucedemo.utils.ExtentUtils.endReport(ExtentUtils.java:31)
at com.saucedemo.utils.ExtentUtils.endReport(ExtentUtils.java:31)
at com.saucedemo.utils.ExtentUtils.endReport(ExtentUtils.java:31)
at com.saucedemo.utils.ExtentUtils.endReport(ExtentUtils.java:31)
at com.saucedemo.utils.ExtentUtils.endReport(ExtentUtils.java:31)
at com.saucedemo.utils.ExtentUtils.endReport(ExtentUtils.java:31)
at com.saucedemo.utils.ExtentUtils.endReport(ExtentUtils.java:31)
at com.saucedemo.utils.ExtentUtils.endReport(ExtentUtils.java:31)
at com.saucedemo.utils.ExtentUtils.endReport(ExtentUtils.java:31)
at com.saucedemo.utils.ExtentUtils.endReport(ExtentUtils.java:31)
at com.saucedemo.utils.ExtentUtils.endReport(ExtentUtils.java:31)
at com.saucedemo.utils.ExtentUtils.endReport(ExtentUtils.java:31)
at com.saucedemo.utils.ExtentUtils.endReport(ExtentUtils.java:31)
at com.saucedemo.utils.ExtentUtils.endReport(ExtentUtils.java:31)
at com.saucedemo.utils.ExtentUtils.endReport(ExtentUtils.java:31)
at com.saucedemo.utils.ExtentUtils.endReport(ExtentUtils.java:31)
at com.saucedemo.utils.ExtentUtils.endReport(ExtentUtils.java:31)
at com.saucedemo.utils.ExtentUtils.endReport(ExtentUtils.java:31)
at com.saucedemo.utils.ExtentUtils.endReport(ExtentUtils.java:31)
at com.saucedemo.utils.ExtentUtils.endReport(ExtentUtils.java:31)
at com.saucedemo.utils.ExtentUtils.endReport(ExtentUtils.java:31)
at com.saucedemo.utils.ExtentUtils.endReport(ExtentUtils.java:31)
at com.saucedemo.utils.ExtentUtils.endReport(ExtentUtils.java:31)
at com.saucedemo.utils.ExtentUtils.endReport(ExtentUtils.java:31)
at com.saucedemo.utils.ExtentUtils.endReport(ExtentUtils.java:31)
at com.saucedemo.utils.ExtentUtils.endReport(ExtentUtils.java:31)
at com.saucedemo.utils.ExtentUtils.endReport(ExtentUtils.java:31)
at com.saucedemo.utils.ExtentUtils.endReport(ExtentUtils.java:31)
at com.saucedemo.utils.ExtentUtils.endReport(ExtentUtils.java:31)
at com.saucedemo.utils.ExtentUtils.endReport(ExtentUtils.java:31)
at com.saucedemo.utils.ExtentUtils.endReport(ExtentUtils.java:31)
at com.saucedemo.utils.ExtentUtils.endReport(ExtentUtils.java:31)
at com.saucedemo.utils.ExtentUtils.endReport(ExtentUtils.java:31)
at com.saucedemo.utils.ExtentUtils.endReport(ExtentUtils.java:31)
at com.saucedemo.utils.ExtentUtils.endReport(ExtentUtils.java:31)
at com.saucedemo.utils.ExtentUtils.endReport(ExtentUtils.java:31)
at com.saucedemo.utils.ExtentUtils.endReport(ExtentUtils.java:31)
at com.saucedemo.utils.ExtentUtils.endReport(ExtentUtils.java:31)
at com.saucedemo.utils.ExtentUtils.endReport(ExtentUtils.java:31)
at com.saucedemo.utils.ExtentUtils.endReport(ExtentUtils.java:31)
at com.saucedemo.utils.ExtentUtils.endReport(ExtentUtils.java:31)
at com.saucedemo.utils.ExtentUtils.endReport(ExtentUtils.java:31)
at com.saucedemo.utils.ExtentUtils.endReport(ExtentUtils.java:31)
at com.saucedemo.utils.ExtentUtils.endReport(ExtentUtils.java:31)
at com.saucedemo.utils.ExtentUtils.endReport(ExtentUtils.java:31)
at com.saucedemo.utils.ExtentUtils.endReport(ExtentUtils.java:31)
at com.saucedemo.utils.ExtentUtils.endReport(ExtentUtils.java:31)
at com.saucedemo.utils.ExtentUtils.endReport(ExtentUtils.java:31)
at com.saucedemo.utils.ExtentUtils.endReport(ExtentUtils.java:31)
at com.saucedemo.utils.ExtentUtils.endReport(ExtentUtils.java:31)
at com.saucedemo.utils.ExtentUtils.endReport(ExtentUtils.java:31)
at com.saucedemo.utils.ExtentUtils.endReport(ExtentUtils.java:31)
at com.saucedemo.utils.ExtentUtils.endReport(ExtentUtils.java:31)
at com.saucedemo.utils.ExtentUtils.endReport(ExtentUtils.java:31)
at com.saucedemo.utils.ExtentUtils.endReport(ExtentUtils.java:31)
at com.saucedemo.utils.ExtentUtils.endReport(ExtentUtils.java:31)
at com.saucedemo.utils.ExtentUtils.endReport(ExtentUtils.java:31)
at com.saucedemo.utils.ExtentUtils.endReport(ExtentUtils.java:31)
at com.saucedemo.utils.ExtentUtils.endReport(ExtentUtils.java:31)
at com.saucedemo.utils.ExtentUtils.endReport(ExtentUtils.java:31)
at com.saucedemo.utils.ExtentUtils.endReport(ExtentUtils.java:31)
at com.saucedemo.utils.ExtentUtils.endReport(ExtentUtils.java:31)
at com.saucedemo.utils.ExtentUtils.endReport(ExtentUtils.java:31)
at com.saucedemo.utils.ExtentUtils.endReport(ExtentUtils.java:31)
at com.saucedemo.utils.ExtentUtils.endReport(ExtentUtils.java:31)
at com.saucedemo.utils.ExtentUtils.endReport(ExtentUtils.java:31)
at com.saucedemo.utils.ExtentUtils.endReport(ExtentUtils.java:31)
at com.saucedemo.utils.ExtentUtils.endReport(ExtentUtils.java:31)
at com.saucedemo.utils.ExtentUtils.endReport(ExtentUtils.java:31)
at com.saucedemo.utils.ExtentUtils.endReport(ExtentUtils.java:31)
at com.saucedemo.utils.ExtentUtils.endReport(ExtentUtils.java:31)
at com.saucedemo.utils.ExtentUtils.endReport(ExtentUtils.java:31)
at com.saucedemo.utils.ExtentUtils.endReport(ExtentUtils.java:31)
at com.saucedemo.utils.ExtentUtils.endReport(ExtentUtils.java:31)
at com.saucedemo.utils.ExtentUtils.endReport(ExtentUtils.java:31)
at com.saucedemo.utils.ExtentUtils.endReport(ExtentUtils.java:31)
at com.saucedemo.utils.ExtentUtils.endReport(ExtentUtils.java:31)
at com.saucedemo.utils.ExtentUtils.endReport(ExtentUtils.java:31)
at com.saucedemo.utils.ExtentUtils.endReport(ExtentUtils.java:31)
at com.saucedemo.utils.ExtentUtils.endReport(ExtentUtils.java:31)
at com.saucedemo.utils.ExtentUtils.endReport(ExtentUtils.java:31)
at com.saucedemo.utils.ExtentUtils.endReport(ExtentUtils.java:31)
at com.saucedemo.utils.ExtentUtils.endReport(ExtentUtils.java:31)
at com.saucedemo.utils.ExtentUtils.endReport(ExtentUtils.java:31)
at com.saucedemo.utils.ExtentUtils.endReport(ExtentUtils.java:31)
at com.saucedemo.utils.ExtentUtils.endReport(ExtentUtils.java:31)
at com.saucedemo.utils.ExtentUtils.endReport(ExtentUtils.java:31)
at com.saucedemo.utils.ExtentUtils.endReport(ExtentUtils.java:31)
at com.saucedemo.utils.ExtentUtils.endReport(ExtentUtils.java:31)
at com.saucedemo.utils.ExtentUtils.endReport(ExtentUtils.java:31)
at com.saucedemo.utils.ExtentUtils.endReport(ExtentUtils.java:31)
at com.saucedemo.utils.ExtentUtils.endReport(ExtentUtils.java:31)
at com.saucedemo.utils.ExtentUtils.endReport(ExtentUtils.java:31)
at com.saucedemo.utils.ExtentUtils.endReport(ExtentUtils.java:31)
at com.saucedemo.utils.ExtentUtils.endReport(ExtentUtils.java:31)
at com.saucedemo.utils.ExtentUtils.endReport(ExtentUtils.java:31)
at com.saucedemo.utils.ExtentUtils.endReport(ExtentUtils.java:31)
at com.saucedemo.utils.ExtentUtils.endReport(ExtentUtils.java:31)
at com.saucedemo.utils.ExtentUtils.endReport(ExtentUtils.java:31)
at com.saucedemo.utils.ExtentUtils.endReport(ExtentUtils.java:31)
at com.saucedemo.utils.ExtentUtils.endReport(ExtentUtils.java:31)
at com.saucedemo.utils.ExtentUtils.endReport(ExtentUtils.java:31)
at com.saucedemo.utils.ExtentUtils.endReport(ExtentUtils.java:31)
at com.saucedemo.utils.ExtentUtils.endReport(ExtentUtils.java:31)
at com.saucedemo.utils.ExtentUtils.endReport(ExtentUtils.java:31)
at com.saucedemo.utils.ExtentUtils.endReport(ExtentUtils.java:31)
at com.saucedemo.utils.ExtentUtils.endReport(ExtentUtils.java:31)
at com.saucedemo.utils.ExtentUtils.endReport(ExtentUtils.java:31)
at com.saucedemo.utils.ExtentUtils.endReport(ExtentUtils.java:31)
at com.saucedemo.utils.ExtentUtils.endReport(ExtentUtils.java:31)
at com.saucedemo.utils.ExtentUtils.endReport(ExtentUtils.java:31)
at com.saucedemo.utils.ExtentUtils.endReport(ExtentUtils.java:31)
]]>
    </error>
  </testcase> <!-- tearDown -->
  <system-out/>
</testsuite> <!-- com.saucedemo.tests.endtoend.OrderDispatchedTest -->
